This is pdfTeX, Version 3.14159265-2.6-1.40.21 (TeX Live 2020/W32TeX) (preloaded format=pdflatex 2020.6.24)  4 JUL 2020 17:18
entering extended mode
 restricted \write18 enabled.
 %&-line parsing enabled.
**knn.tex
(./knn.tex
LaTeX2e <2020-02-02> patch level 5
L3 programming layer <2020-06-18>
(c:/texlive/2020/texmf-dist/tex/latex/beamer/beamer.cls
Document Class: beamer 2020/05/06 v3.58 A class for typesetting presentations
(c:/texlive/2020/texmf-dist/tex/latex/beamer/beamerbasemodes.sty
(c:/texlive/2020/texmf-dist/tex/latex/etoolbox/etoolbox.sty
Package: etoolbox 2019/09/21 v2.5h e-TeX tools for LaTeX (JAW)
\etb@tempcnta=\count167
)
\beamer@tempbox=\box45
\beamer@tempcount=\count168
\c@beamerpauses=\count169

(c:/texlive/2020/texmf-dist/tex/latex/beamer/beamerbasedecode.sty
\beamer@slideinframe=\count170
\beamer@minimum=\count171
\beamer@decode@box=\box46
)
\beamer@commentbox=\box47
\beamer@modecount=\count172
)
(c:/texlive/2020/texmf-dist/tex/generic/iftex/ifpdf.sty
Package: ifpdf 2019/10/25 v3.4 ifpdf legacy package. Use iftex instead.

(c:/texlive/2020/texmf-dist/tex/generic/iftex/iftex.sty
Package: iftex 2020/03/06 v1.0d TeX engine tests
))
\headdp=\dimen134
\footheight=\dimen135
\sidebarheight=\dimen136
\beamer@tempdim=\dimen137
\beamer@finalheight=\dimen138
\beamer@animht=\dimen139
\beamer@animdp=\dimen140
\beamer@animwd=\dimen141
\beamer@leftmargin=\dimen142
\beamer@rightmargin=\dimen143
\beamer@leftsidebar=\dimen144
\beamer@rightsidebar=\dimen145
\beamer@boxsize=\dimen146
\beamer@vboxoffset=\dimen147
\beamer@descdefault=\dimen148
\beamer@descriptionwidth=\dimen149
\beamer@lastskip=\skip47
\beamer@areabox=\box48
\beamer@animcurrent=\box49
\beamer@animshowbox=\box50
\beamer@sectionbox=\box51
\beamer@logobox=\box52
\beamer@linebox=\box53
\beamer@sectioncount=\count173
\beamer@subsubsectionmax=\count174
\beamer@subsectionmax=\count175
\beamer@sectionmax=\count176
\beamer@totalheads=\count177
\beamer@headcounter=\count178
\beamer@partstartpage=\count179
\beamer@sectionstartpage=\count180
\beamer@subsectionstartpage=\count181
\beamer@animationtempa=\count182
\beamer@animationtempb=\count183
\beamer@xpos=\count184
\beamer@ypos=\count185
\beamer@ypos@offset=\count186
\beamer@showpartnumber=\count187
\beamer@currentsubsection=\count188
\beamer@coveringdepth=\count189
\beamer@sectionadjust=\count190
\beamer@tocsectionnumber=\count191

(c:/texlive/2020/texmf-dist/tex/latex/beamer/beamerbaseoptions.sty
(c:/texlive/2020/texmf-dist/tex/latex/graphics/keyval.sty
Package: keyval 2014/10/28 v1.15 key=value parser (DPC)
\KV@toks@=\toks15
))
\beamer@paperwidth=\skip48
\beamer@paperheight=\skip49

(c:/texlive/2020/texmf-dist/tex/latex/geometry/geometry.sty
Package: geometry 2020/01/02 v5.9 Page Geometry

(c:/texlive/2020/texmf-dist/tex/generic/iftex/ifvtex.sty
Package: ifvtex 2019/10/25 v1.7 ifvtex legacy package. Use iftex instead.
)
\Gm@cnth=\count192
\Gm@cntv=\count193
\c@Gm@tempcnt=\count194
\Gm@bindingoffset=\dimen150
\Gm@wd@mp=\dimen151
\Gm@odd@mp=\dimen152
\Gm@even@mp=\dimen153
\Gm@layoutwidth=\dimen154
\Gm@layoutheight=\dimen155
\Gm@layouthoffset=\dimen156
\Gm@layoutvoffset=\dimen157
\Gm@dimlist=\toks16
)
(c:/texlive/2020/texmf-dist/tex/latex/base/size11.clo
File: size11.clo 2019/12/20 v1.4l Standard LaTeX file (size option)
)
(c:/texlive/2020/texmf-dist/tex/latex/pgf/basiclayer/pgfcore.sty
(c:/texlive/2020/texmf-dist/tex/latex/graphics/graphicx.sty
Package: graphicx 2019/11/30 v1.2a Enhanced LaTeX Graphics (DPC,SPQR)

(c:/texlive/2020/texmf-dist/tex/latex/graphics/graphics.sty
Package: graphics 2019/11/30 v1.4a Standard LaTeX Graphics (DPC,SPQR)

(c:/texlive/2020/texmf-dist/tex/latex/graphics/trig.sty
Package: trig 2016/01/03 v1.10 sin cos tan (DPC)
)
(c:/texlive/2020/texmf-dist/tex/latex/graphics-cfg/graphics.cfg
File: graphics.cfg 2016/06/04 v1.11 sample graphics configuration
)
Package graphics Info: Driver file: pdftex.def on input line 105.

(c:/texlive/2020/texmf-dist/tex/latex/graphics-def/pdftex.def
File: pdftex.def 2018/01/08 v1.0l Graphics/color driver for pdftex
))
\Gin@req@height=\dimen158
\Gin@req@width=\dimen159
)
(c:/texlive/2020/texmf-dist/tex/latex/pgf/systemlayer/pgfsys.sty
(c:/texlive/2020/texmf-dist/tex/latex/pgf/utilities/pgfrcs.sty
(c:/texlive/2020/texmf-dist/tex/generic/pgf/utilities/pgfutil-common.tex
\pgfutil@everybye=\toks17
\pgfutil@tempdima=\dimen160
\pgfutil@tempdimb=\dimen161

(c:/texlive/2020/texmf-dist/tex/generic/pgf/utilities/pgfutil-common-lists.tex)
) (c:/texlive/2020/texmf-dist/tex/generic/pgf/utilities/pgfutil-latex.def
\pgfutil@abb=\box54

(c:/texlive/2020/texmf-dist/tex/latex/ms/everyshi.sty
Package: everyshi 2001/05/15 v3.00 EveryShipout Package (MS)
))
(c:/texlive/2020/texmf-dist/tex/generic/pgf/utilities/pgfrcs.code.tex
(c:/texlive/2020/texmf-dist/tex/generic/pgf/pgf.revision.tex)
Package: pgfrcs 2020/01/08 v3.1.5b (3.1.5b)
))
(c:/texlive/2020/texmf-dist/tex/generic/pgf/systemlayer/pgfsys.code.tex
Package: pgfsys 2020/01/08 v3.1.5b (3.1.5b)

(c:/texlive/2020/texmf-dist/tex/generic/pgf/utilities/pgfkeys.code.tex
\pgfkeys@pathtoks=\toks18
\pgfkeys@temptoks=\toks19

(c:/texlive/2020/texmf-dist/tex/generic/pgf/utilities/pgfkeysfiltered.code.tex
\pgfkeys@tmptoks=\toks20
))
\pgf@x=\dimen162
\pgf@y=\dimen163
\pgf@xa=\dimen164
\pgf@ya=\dimen165
\pgf@xb=\dimen166
\pgf@yb=\dimen167
\pgf@xc=\dimen168
\pgf@yc=\dimen169
\pgf@xd=\dimen170
\pgf@yd=\dimen171
\w@pgf@writea=\write3
\r@pgf@reada=\read2
\c@pgf@counta=\count195
\c@pgf@countb=\count196
\c@pgf@countc=\count197
\c@pgf@countd=\count198
\t@pgf@toka=\toks21
\t@pgf@tokb=\toks22
\t@pgf@tokc=\toks23
\pgf@sys@id@count=\count199
 (c:/texlive/2020/texmf-dist/tex/generic/pgf/systemlayer/pgf.cfg
File: pgf.cfg 2020/01/08 v3.1.5b (3.1.5b)
)
Driver file for pgf: pgfsys-pdftex.def

(c:/texlive/2020/texmf-dist/tex/generic/pgf/systemlayer/pgfsys-pdftex.def
File: pgfsys-pdftex.def 2020/01/08 v3.1.5b (3.1.5b)

(c:/texlive/2020/texmf-dist/tex/generic/pgf/systemlayer/pgfsys-common-pdf.def
File: pgfsys-common-pdf.def 2020/01/08 v3.1.5b (3.1.5b)
)))
(c:/texlive/2020/texmf-dist/tex/generic/pgf/systemlayer/pgfsyssoftpath.code.tex
File: pgfsyssoftpath.code.tex 2020/01/08 v3.1.5b (3.1.5b)
\pgfsyssoftpath@smallbuffer@items=\count266
\pgfsyssoftpath@bigbuffer@items=\count267
)
(c:/texlive/2020/texmf-dist/tex/generic/pgf/systemlayer/pgfsysprotocol.code.tex
File: pgfsysprotocol.code.tex 2020/01/08 v3.1.5b (3.1.5b)
)) (c:/texlive/2020/texmf-dist/tex/latex/xcolor/xcolor.sty
Package: xcolor 2016/05/11 v2.12 LaTeX color extensions (UK)

(c:/texlive/2020/texmf-dist/tex/latex/graphics-cfg/color.cfg
File: color.cfg 2016/01/02 v1.6 sample color configuration
)
Package xcolor Info: Driver file: pdftex.def on input line 225.
Package xcolor Info: Model `cmy' substituted by `cmy0' on input line 1348.
Package xcolor Info: Model `hsb' substituted by `rgb' on input line 1352.
Package xcolor Info: Model `RGB' extended on input line 1364.
Package xcolor Info: Model `HTML' substituted by `rgb' on input line 1366.
Package xcolor Info: Model `Hsb' substituted by `hsb' on input line 1367.
Package xcolor Info: Model `tHsb' substituted by `hsb' on input line 1368.
Package xcolor Info: Model `HSB' substituted by `hsb' on input line 1369.
Package xcolor Info: Model `Gray' substituted by `gray' on input line 1370.
Package xcolor Info: Model `wave' substituted by `hsb' on input line 1371.

(c:/texlive/2020/texmf-dist/tex/latex/graphics/dvipsnam.def
File: dvipsnam.def 2016/06/17 v3.0m Driver-dependent file (DPC,SPQR)
))
(c:/texlive/2020/texmf-dist/tex/generic/pgf/basiclayer/pgfcore.code.tex
Package: pgfcore 2020/01/08 v3.1.5b (3.1.5b)

(c:/texlive/2020/texmf-dist/tex/generic/pgf/math/pgfmath.code.tex
(c:/texlive/2020/texmf-dist/tex/generic/pgf/math/pgfmathcalc.code.tex
(c:/texlive/2020/texmf-dist/tex/generic/pgf/math/pgfmathutil.code.tex)
(c:/texlive/2020/texmf-dist/tex/generic/pgf/math/pgfmathparser.code.tex
\pgfmath@dimen=\dimen172
\pgfmath@count=\count268
\pgfmath@box=\box55
\pgfmath@toks=\toks24
\pgfmath@stack@operand=\toks25
\pgfmath@stack@operation=\toks26
)
(c:/texlive/2020/texmf-dist/tex/generic/pgf/math/pgfmathfunctions.code.tex
(c:/texlive/2020/texmf-dist/tex/generic/pgf/math/pgfmathfunctions.basic.code.te
x)
(c:/texlive/2020/texmf-dist/tex/generic/pgf/math/pgfmathfunctions.trigonometric
.code.tex)
(c:/texlive/2020/texmf-dist/tex/generic/pgf/math/pgfmathfunctions.random.code.t
ex)
(c:/texlive/2020/texmf-dist/tex/generic/pgf/math/pgfmathfunctions.comparison.co
de.tex)
(c:/texlive/2020/texmf-dist/tex/generic/pgf/math/pgfmathfunctions.base.code.tex
)
(c:/texlive/2020/texmf-dist/tex/generic/pgf/math/pgfmathfunctions.round.code.te
x)
(c:/texlive/2020/texmf-dist/tex/generic/pgf/math/pgfmathfunctions.misc.code.tex
)
(c:/texlive/2020/texmf-dist/tex/generic/pgf/math/pgfmathfunctions.integerarithm
etics.code.tex)))
(c:/texlive/2020/texmf-dist/tex/generic/pgf/math/pgfmathfloat.code.tex
\c@pgfmathroundto@lastzeros=\count269
))
(c:/texlive/2020/texmf-dist/tex/generic/pgf/math/pgfint.code.tex)
(c:/texlive/2020/texmf-dist/tex/generic/pgf/basiclayer/pgfcorepoints.code.tex
File: pgfcorepoints.code.tex 2020/01/08 v3.1.5b (3.1.5b)
\pgf@picminx=\dimen173
\pgf@picmaxx=\dimen174
\pgf@picminy=\dimen175
\pgf@picmaxy=\dimen176
\pgf@pathminx=\dimen177
\pgf@pathmaxx=\dimen178
\pgf@pathminy=\dimen179
\pgf@pathmaxy=\dimen180
\pgf@xx=\dimen181
\pgf@xy=\dimen182
\pgf@yx=\dimen183
\pgf@yy=\dimen184
\pgf@zx=\dimen185
\pgf@zy=\dimen186
)
(c:/texlive/2020/texmf-dist/tex/generic/pgf/basiclayer/pgfcorepathconstruct.cod
e.tex
File: pgfcorepathconstruct.code.tex 2020/01/08 v3.1.5b (3.1.5b)
\pgf@path@lastx=\dimen187
\pgf@path@lasty=\dimen188
)
(c:/texlive/2020/texmf-dist/tex/generic/pgf/basiclayer/pgfcorepathusage.code.te
x
File: pgfcorepathusage.code.tex 2020/01/08 v3.1.5b (3.1.5b)
\pgf@shorten@end@additional=\dimen189
\pgf@shorten@start@additional=\dimen190
)
(c:/texlive/2020/texmf-dist/tex/generic/pgf/basiclayer/pgfcorescopes.code.tex
File: pgfcorescopes.code.tex 2020/01/08 v3.1.5b (3.1.5b)
\pgfpic=\box56
\pgf@hbox=\box57
\pgf@layerbox@main=\box58
\pgf@picture@serial@count=\count270
)
(c:/texlive/2020/texmf-dist/tex/generic/pgf/basiclayer/pgfcoregraphicstate.code
.tex
File: pgfcoregraphicstate.code.tex 2020/01/08 v3.1.5b (3.1.5b)
\pgflinewidth=\dimen191
)
(c:/texlive/2020/texmf-dist/tex/generic/pgf/basiclayer/pgfcoretransformations.c
ode.tex
File: pgfcoretransformations.code.tex 2020/01/08 v3.1.5b (3.1.5b)
\pgf@pt@x=\dimen192
\pgf@pt@y=\dimen193
\pgf@pt@temp=\dimen194
)
(c:/texlive/2020/texmf-dist/tex/generic/pgf/basiclayer/pgfcorequick.code.tex
File: pgfcorequick.code.tex 2020/01/08 v3.1.5b (3.1.5b)
)
(c:/texlive/2020/texmf-dist/tex/generic/pgf/basiclayer/pgfcoreobjects.code.tex
File: pgfcoreobjects.code.tex 2020/01/08 v3.1.5b (3.1.5b)
)
(c:/texlive/2020/texmf-dist/tex/generic/pgf/basiclayer/pgfcorepathprocessing.co
de.tex
File: pgfcorepathprocessing.code.tex 2020/01/08 v3.1.5b (3.1.5b)
)
(c:/texlive/2020/texmf-dist/tex/generic/pgf/basiclayer/pgfcorearrows.code.tex
File: pgfcorearrows.code.tex 2020/01/08 v3.1.5b (3.1.5b)
\pgfarrowsep=\dimen195
)
(c:/texlive/2020/texmf-dist/tex/generic/pgf/basiclayer/pgfcoreshade.code.tex
File: pgfcoreshade.code.tex 2020/01/08 v3.1.5b (3.1.5b)
\pgf@max=\dimen196
\pgf@sys@shading@range@num=\count271
\pgf@shadingcount=\count272
)
(c:/texlive/2020/texmf-dist/tex/generic/pgf/basiclayer/pgfcoreimage.code.tex
File: pgfcoreimage.code.tex 2020/01/08 v3.1.5b (3.1.5b)

(c:/texlive/2020/texmf-dist/tex/generic/pgf/basiclayer/pgfcoreexternal.code.tex
File: pgfcoreexternal.code.tex 2020/01/08 v3.1.5b (3.1.5b)
\pgfexternal@startupbox=\box59
))
(c:/texlive/2020/texmf-dist/tex/generic/pgf/basiclayer/pgfcorelayers.code.tex
File: pgfcorelayers.code.tex 2020/01/08 v3.1.5b (3.1.5b)
)
(c:/texlive/2020/texmf-dist/tex/generic/pgf/basiclayer/pgfcoretransparency.code
.tex
File: pgfcoretransparency.code.tex 2020/01/08 v3.1.5b (3.1.5b)
)
(c:/texlive/2020/texmf-dist/tex/generic/pgf/basiclayer/pgfcorepatterns.code.tex
File: pgfcorepatterns.code.tex 2020/01/08 v3.1.5b (3.1.5b)
) (c:/texlive/2020/texmf-dist/tex/generic/pgf/basiclayer/pgfcorerdf.code.tex
File: pgfcorerdf.code.tex 2020/01/08 v3.1.5b (3.1.5b)
))) (c:/texlive/2020/texmf-dist/tex/latex/pgf/utilities/xxcolor.sty
Package: xxcolor 2003/10/24 ver 0.1
\XC@nummixins=\count273
\XC@countmixins=\count274
)
(c:/texlive/2020/texmf-dist/tex/generic/atbegshi/atbegshi.sty
Package: atbegshi 2019/12/05 v1.19 At begin shipout hook (HO)

(c:/texlive/2020/texmf-dist/tex/generic/infwarerr/infwarerr.sty
Package: infwarerr 2019/12/03 v1.5 Providing info/warning/error messages (HO)
)
(c:/texlive/2020/texmf-dist/tex/generic/ltxcmds/ltxcmds.sty
Package: ltxcmds 2019/12/15 v1.24 LaTeX kernel commands for general use (HO)
))
(c:/texlive/2020/texmf-dist/tex/latex/hyperref/hyperref.sty
Package: hyperref 2020-05-15 v7.00e Hypertext links for LaTeX

(c:/texlive/2020/texmf-dist/tex/latex/pdftexcmds/pdftexcmds.sty
Package: pdftexcmds 2020-06-04 v0.32 Utility functions of pdfTeX for LuaTeX (HO
)
Package pdftexcmds Info: \pdf@primitive is available.
Package pdftexcmds Info: \pdf@ifprimitive is available.
Package pdftexcmds Info: \pdfdraftmode found.
)
(c:/texlive/2020/texmf-dist/tex/generic/kvsetkeys/kvsetkeys.sty
Package: kvsetkeys 2019/12/15 v1.18 Key value parser (HO)
)
(c:/texlive/2020/texmf-dist/tex/generic/kvdefinekeys/kvdefinekeys.sty
Package: kvdefinekeys 2019-12-19 v1.6 Define keys (HO)
)
(c:/texlive/2020/texmf-dist/tex/generic/pdfescape/pdfescape.sty
Package: pdfescape 2019/12/09 v1.15 Implements pdfTeX's escape features (HO)
)
(c:/texlive/2020/texmf-dist/tex/latex/hycolor/hycolor.sty
Package: hycolor 2020-01-27 v1.10 Color options for hyperref/bookmark (HO)
)
(c:/texlive/2020/texmf-dist/tex/latex/letltxmacro/letltxmacro.sty
Package: letltxmacro 2019/12/03 v1.6 Let assignment for LaTeX macros (HO)
)
(c:/texlive/2020/texmf-dist/tex/latex/auxhook/auxhook.sty
Package: auxhook 2019-12-17 v1.6 Hooks for auxiliary files (HO)
)
(c:/texlive/2020/texmf-dist/tex/latex/kvoptions/kvoptions.sty
Package: kvoptions 2019/11/29 v3.13 Key value format for package options (HO)
)
\@linkdim=\dimen197
\Hy@linkcounter=\count275
\Hy@pagecounter=\count276

(c:/texlive/2020/texmf-dist/tex/latex/hyperref/pd1enc.def
File: pd1enc.def 2020-05-15 v7.00e Hyperref: PDFDocEncoding definition (HO)
Now handling font encoding PD1 ...
... no UTF-8 mapping file for font encoding PD1
)
(c:/texlive/2020/texmf-dist/tex/generic/intcalc/intcalc.sty
Package: intcalc 2019/12/15 v1.3 Expandable calculations with integers (HO)
)
(c:/texlive/2020/texmf-dist/tex/generic/etexcmds/etexcmds.sty
Package: etexcmds 2019/12/15 v1.7 Avoid name clashes with e-TeX commands (HO)
)
\Hy@SavedSpaceFactor=\count277
Package hyperref Info: Option `bookmarks' set `true' on input line 4338.
Package hyperref Info: Option `bookmarksopen' set `true' on input line 4338.
Package hyperref Info: Option `implicit' set `false' on input line 4338.
Package hyperref Info: Hyper figures OFF on input line 4464.
Package hyperref Info: Link nesting OFF on input line 4469.
Package hyperref Info: Hyper index ON on input line 4472.
Package hyperref Info: Plain pages OFF on input line 4479.
Package hyperref Info: Backreferencing OFF on input line 4484.
Package hyperref Info: Implicit mode OFF; no redefinition of LaTeX internals.
Package hyperref Info: Bookmarks ON on input line 4717.
\c@Hy@tempcnt=\count278

(c:/texlive/2020/texmf-dist/tex/latex/url/url.sty
\Urlmuskip=\muskip16
Package: url 2013/09/16  ver 3.4  Verb mode for urls, etc.
)
LaTeX Info: Redefining \url on input line 5076.
\XeTeXLinkMargin=\dimen198

(c:/texlive/2020/texmf-dist/tex/generic/bitset/bitset.sty
Package: bitset 2019/12/09 v1.3 Handle bit-vector datatype (HO)

(c:/texlive/2020/texmf-dist/tex/generic/bigintcalc/bigintcalc.sty
Package: bigintcalc 2019/12/15 v1.5 Expandable calculations on big integers (HO
)
))
\Fld@menulength=\count279
\Field@Width=\dimen199
\Fld@charsize=\dimen256
Package hyperref Info: Hyper figures OFF on input line 6347.
Package hyperref Info: Link nesting OFF on input line 6352.
Package hyperref Info: Hyper index ON on input line 6355.
Package hyperref Info: backreferencing OFF on input line 6362.
Package hyperref Info: Link coloring OFF on input line 6367.
Package hyperref Info: Link coloring with OCG OFF on input line 6372.
Package hyperref Info: PDF/A mode OFF on input line 6377.
LaTeX Info: Redefining \ref on input line 6417.
LaTeX Info: Redefining \pageref on input line 6421.
\Hy@abspage=\count280


Package hyperref Message: Stopped early.

)
Package hyperref Info: Driver (autodetected): hpdftex.
 (c:/texlive/2020/texmf-dist/tex/latex/hyperref/hpdftex.def
File: hpdftex.def 2020-05-15 v7.00e Hyperref driver for pdfTeX

(c:/texlive/2020/texmf-dist/tex/latex/atveryend/atveryend.sty
Package: atveryend 2019-12-11 v1.11 Hooks at the very end of document (HO)
)
\Fld@listcount=\count281
\c@bookmark@seq@number=\count282

(c:/texlive/2020/texmf-dist/tex/latex/rerunfilecheck/rerunfilecheck.sty
Package: rerunfilecheck 2019/12/05 v1.9 Rerun checks for auxiliary files (HO)

(c:/texlive/2020/texmf-dist/tex/generic/uniquecounter/uniquecounter.sty
Package: uniquecounter 2019/12/15 v1.4 Provide unlimited unique counter (HO)
)
Package uniquecounter Info: New unique counter `rerunfilecheck' on input line 2
86.
))
(c:/texlive/2020/texmf-dist/tex/latex/beamer/beamerbaserequires.sty
(c:/texlive/2020/texmf-dist/tex/latex/beamer/beamerbasecompatibility.sty)
(c:/texlive/2020/texmf-dist/tex/latex/beamer/beamerbasefont.sty
(c:/texlive/2020/texmf-dist/tex/latex/amsfonts/amssymb.sty
Package: amssymb 2013/01/14 v3.01 AMS font symbols

(c:/texlive/2020/texmf-dist/tex/latex/amsfonts/amsfonts.sty
Package: amsfonts 2013/01/14 v3.01 Basic AMSFonts support
\@emptytoks=\toks27
\symAMSa=\mathgroup4
\symAMSb=\mathgroup5
LaTeX Font Info:    Redeclaring math symbol \hbar on input line 98.
LaTeX Font Info:    Overwriting math alphabet `\mathfrak' in version `bold'
(Font)                  U/euf/m/n --> U/euf/b/n on input line 106.
))
(c:/texlive/2020/texmf-dist/tex/latex/sansmathaccent/sansmathaccent.sty
Package: sansmathaccent 2020/01/31

(c:/texlive/2020/texmf-dist/tex/latex/koma-script/scrlfile.sty
Package: scrlfile 2020/04/19 v3.30 KOMA-Script package (loading files)
)))
(c:/texlive/2020/texmf-dist/tex/latex/beamer/beamerbasetranslator.sty
(c:/texlive/2020/texmf-dist/tex/latex/translator/translator.sty
Package: translator 2019-05-31 v1.12a Easy translation of strings in LaTeX
))
(c:/texlive/2020/texmf-dist/tex/latex/beamer/beamerbasemisc.sty)
(c:/texlive/2020/texmf-dist/tex/latex/beamer/beamerbasetwoscreens.sty)
(c:/texlive/2020/texmf-dist/tex/latex/beamer/beamerbaseoverlay.sty
\beamer@argscount=\count283
\beamer@lastskipcover=\skip50
\beamer@trivlistdepth=\count284
)
(c:/texlive/2020/texmf-dist/tex/latex/beamer/beamerbasetitle.sty)
(c:/texlive/2020/texmf-dist/tex/latex/beamer/beamerbasesection.sty
\c@lecture=\count285
\c@part=\count286
\c@section=\count287
\c@subsection=\count288
\c@subsubsection=\count289
)
(c:/texlive/2020/texmf-dist/tex/latex/beamer/beamerbaseframe.sty
\beamer@framebox=\box60
\beamer@frametitlebox=\box61
\beamer@zoombox=\box62
\beamer@zoomcount=\count290
\beamer@zoomframecount=\count291
\beamer@frametextheight=\dimen257
\c@subsectionslide=\count292
\beamer@frametopskip=\skip51
\beamer@framebottomskip=\skip52
\beamer@frametopskipautobreak=\skip53
\beamer@framebottomskipautobreak=\skip54
\beamer@envbody=\toks28
\framewidth=\dimen258
\c@framenumber=\count293
)
(c:/texlive/2020/texmf-dist/tex/latex/beamer/beamerbaseverbatim.sty
\beamer@verbatimfileout=\write4
)
(c:/texlive/2020/texmf-dist/tex/latex/beamer/beamerbaseframesize.sty
\beamer@splitbox=\box63
\beamer@autobreakcount=\count294
\beamer@autobreaklastheight=\dimen259
\beamer@frametitletoks=\toks29
\beamer@framesubtitletoks=\toks30
)
(c:/texlive/2020/texmf-dist/tex/latex/beamer/beamerbaseframecomponents.sty
\beamer@footins=\box64
)
(c:/texlive/2020/texmf-dist/tex/latex/beamer/beamerbasecolor.sty)
(c:/texlive/2020/texmf-dist/tex/latex/beamer/beamerbasenotes.sty
\beamer@frameboxcopy=\box65
)
(c:/texlive/2020/texmf-dist/tex/latex/beamer/beamerbasetoc.sty)
(c:/texlive/2020/texmf-dist/tex/latex/beamer/beamerbasetemplates.sty
\beamer@sbttoks=\toks31

(c:/texlive/2020/texmf-dist/tex/latex/beamer/beamerbaseauxtemplates.sty
(c:/texlive/2020/texmf-dist/tex/latex/beamer/beamerbaseboxes.sty
\bmb@box=\box66
\bmb@colorbox=\box67
\bmb@boxshadow=\box68
\bmb@boxshadowball=\box69
\bmb@boxshadowballlarge=\box70
\bmb@temp=\dimen260
\bmb@dima=\dimen261
\bmb@dimb=\dimen262
\bmb@prevheight=\dimen263
)
\beamer@blockheadheight=\dimen264
))
(c:/texlive/2020/texmf-dist/tex/latex/beamer/beamerbaselocalstructure.sty
(c:/texlive/2020/texmf-dist/tex/latex/tools/enumerate.sty
Package: enumerate 2015/07/23 v3.00 enumerate extensions (DPC)
\@enLab=\toks32
)
\c@figure=\count295
\c@table=\count296
\abovecaptionskip=\skip55
\belowcaptionskip=\skip56
)
(c:/texlive/2020/texmf-dist/tex/latex/beamer/beamerbasenavigation.sty
\beamer@section@min@dim=\dimen265
)
(c:/texlive/2020/texmf-dist/tex/latex/beamer/beamerbasetheorems.sty
(c:/texlive/2020/texmf-dist/tex/latex/amsmath/amsmath.sty
Package: amsmath 2020/01/20 v2.17e AMS math features
\@mathmargin=\skip57

For additional information on amsmath, use the `?' option.
(c:/texlive/2020/texmf-dist/tex/latex/amsmath/amstext.sty
Package: amstext 2000/06/29 v2.01 AMS text

(c:/texlive/2020/texmf-dist/tex/latex/amsmath/amsgen.sty
File: amsgen.sty 1999/11/30 v2.0 generic functions
\@emptytoks=\toks33
\ex@=\dimen266
))
(c:/texlive/2020/texmf-dist/tex/latex/amsmath/amsbsy.sty
Package: amsbsy 1999/11/29 v1.2d Bold Symbols
\pmbraise@=\dimen267
)
(c:/texlive/2020/texmf-dist/tex/latex/amsmath/amsopn.sty
Package: amsopn 2016/03/08 v2.02 operator names
)
\inf@bad=\count297
LaTeX Info: Redefining \frac on input line 227.
\uproot@=\count298
\leftroot@=\count299
LaTeX Info: Redefining \overline on input line 389.
\classnum@=\count300
\DOTSCASE@=\count301
LaTeX Info: Redefining \ldots on input line 486.
LaTeX Info: Redefining \dots on input line 489.
LaTeX Info: Redefining \cdots on input line 610.
\Mathstrutbox@=\box71
\strutbox@=\box72
\big@size=\dimen268
LaTeX Font Info:    Redeclaring font encoding OML on input line 733.
LaTeX Font Info:    Redeclaring font encoding OMS on input line 734.
\macc@depth=\count302
\c@MaxMatrixCols=\count303
\dotsspace@=\muskip17
\c@parentequation=\count304
\dspbrk@lvl=\count305
\tag@help=\toks34
\row@=\count306
\column@=\count307
\maxfields@=\count308
\andhelp@=\toks35
\eqnshift@=\dimen269
\alignsep@=\dimen270
\tagshift@=\dimen271
\tagwidth@=\dimen272
\totwidth@=\dimen273
\lineht@=\dimen274
\@envbody=\toks36
\multlinegap=\skip58
\multlinetaggap=\skip59
\mathdisplay@stack=\toks37
LaTeX Info: Redefining \[ on input line 2859.
LaTeX Info: Redefining \] on input line 2860.
)
(c:/texlive/2020/texmf-dist/tex/latex/amscls/amsthm.sty
Package: amsthm 2020/05/29 v2.20.6
\thm@style=\toks38
\thm@bodyfont=\toks39
\thm@headfont=\toks40
\thm@notefont=\toks41
\thm@headpunct=\toks42
\thm@preskip=\skip60
\thm@postskip=\skip61
\thm@headsep=\skip62
\dth@everypar=\toks43
)
\c@theorem=\count309
)
(c:/texlive/2020/texmf-dist/tex/latex/beamer/beamerbasethemes.sty))
(c:/texlive/2020/texmf-dist/tex/latex/beamer/beamerthemedefault.sty
(c:/texlive/2020/texmf-dist/tex/latex/beamer/beamerfontthemedefault.sty)
(c:/texlive/2020/texmf-dist/tex/latex/beamer/beamercolorthemedefault.sty)
(c:/texlive/2020/texmf-dist/tex/latex/beamer/beamerinnerthemedefault.sty
\beamer@dima=\dimen275
\beamer@dimb=\dimen276
)
(c:/texlive/2020/texmf-dist/tex/latex/beamer/beamerouterthemedefault.sty)))
(c:/texlive/2020/texmf-dist/tex/latex/tcolorbox/tcolorbox.sty
Package: tcolorbox 2020/04/28 version 4.30 text color boxes

(c:/texlive/2020/texmf-dist/tex/latex/pgf/basiclayer/pgf.sty
Package: pgf 2020/01/08 v3.1.5b (3.1.5b)

(c:/texlive/2020/texmf-dist/tex/generic/pgf/modules/pgfmoduleshapes.code.tex
File: pgfmoduleshapes.code.tex 2020/01/08 v3.1.5b (3.1.5b)
\pgfnodeparttextbox=\box73
)
(c:/texlive/2020/texmf-dist/tex/generic/pgf/modules/pgfmoduleplot.code.tex
File: pgfmoduleplot.code.tex 2020/01/08 v3.1.5b (3.1.5b)
)
(c:/texlive/2020/texmf-dist/tex/latex/pgf/compatibility/pgfcomp-version-0-65.st
y
Package: pgfcomp-version-0-65 2020/01/08 v3.1.5b (3.1.5b)
\pgf@nodesepstart=\dimen277
\pgf@nodesepend=\dimen278
)
(c:/texlive/2020/texmf-dist/tex/latex/pgf/compatibility/pgfcomp-version-1-18.st
y
Package: pgfcomp-version-1-18 2020/01/08 v3.1.5b (3.1.5b)
)) (c:/texlive/2020/texmf-dist/tex/latex/tools/verbatim.sty
Package: verbatim 2019/11/10 v1.5r LaTeX2e package for verbatim enhancements
\every@verbatim=\toks44
\verbatim@line=\toks45
\verbatim@in@stream=\read3
)
(c:/texlive/2020/texmf-dist/tex/latex/environ/environ.sty
Package: environ 2014/05/04 v0.3 A new way to define environments

(c:/texlive/2020/texmf-dist/tex/latex/trimspaces/trimspaces.sty
Package: trimspaces 2009/09/17 v1.1 Trim spaces around a token list
))
\tcb@titlebox=\box74
\tcb@upperbox=\box75
\tcb@lowerbox=\box76
\tcb@phantombox=\box77
\c@tcbbreakpart=\count310
\c@tcblayer=\count311
\c@tcolorbox@number=\count312
\tcb@temp=\box78
\tcb@temp=\box79
\tcb@temp=\box80
\tcb@temp=\box81
\tcb@out=\write5
\tcb@record@out=\write6
)
(c:/texlive/2020/texmf-dist/tex/latex/caption/subcaption.sty
Package: subcaption 2020/01/22 v1.3d Sub-captions (AR)

(c:/texlive/2020/texmf-dist/tex/latex/caption/caption.sty
Package: caption 2020/05/30 v3.4k Customizing captions (AR)

(c:/texlive/2020/texmf-dist/tex/latex/caption/caption3.sty
Package: caption3 2020/05/30 v1.12 caption3 kernel (AR)
Package caption3 Info: TeX engine: e-TeX on input line 61.
\captionmargin=\dimen279
\captionmargin@=\dimen280
\captionwidth=\dimen281
\caption@tempdima=\dimen282
\caption@indent=\dimen283
\caption@parindent=\dimen284
\caption@hangindent=\dimen285
Package caption Info: beamer document class detected.
)
\c@caption@flags=\count313
\c@continuedfloat=\count314
Package caption Info: beamer document class.
Package caption Info: hyperref package is loaded.
Package caption Info: Hyperref support is turned off
(caption)             because hyperref has stopped early.
)
\c@subfigure=\count315
\c@subtable=\count316
)
(c:/texlive/2020/texmf-dist/tex/latex/makecell/makecell.sty
Package: makecell 2009/08/03 V0.1e Managing of Tab Column Heads and Cells

(c:/texlive/2020/texmf-dist/tex/latex/tools/array.sty
Package: array 2019/08/31 v2.4l Tabular extension package (FMi)
\col@sep=\dimen286
\ar@mcellbox=\box82
\extrarowheight=\dimen287
\NC@list=\toks46
\extratabsurround=\skip63
\backup@length=\skip64
\ar@cellbox=\box83
)
\rotheadsize=\dimen288
\c@nlinenum=\count317
\TeXr@lab=\toks47
)
(c:/texlive/2020/texmf-dist/tex/latex/colortbl/colortbl.sty
Package: colortbl 2020/01/04 v1.0e Color table columns (DPC)
\everycr=\toks48
\minrowclearance=\skip65
)
(c:/texlive/2020/texmf-dist/tex/latex/booktabs/booktabs.sty
Package: booktabs 2020/01/12 v1.61803398 Publication quality tables
\heavyrulewidth=\dimen289
\lightrulewidth=\dimen290
\cmidrulewidth=\dimen291
\belowrulesep=\dimen292
\belowbottomsep=\dimen293
\aboverulesep=\dimen294
\abovetopsep=\dimen295
\cmidrulesep=\dimen296
\cmidrulekern=\dimen297
\defaultaddspace=\dimen298
\@cmidla=\count318
\@cmidlb=\count319
\@aboverulesep=\dimen299
\@belowrulesep=\dimen300
\@thisruleclass=\count320
\@lastruleclass=\count321
\@thisrulewidth=\dimen301
)
(c:/texlive/2020/texmf-dist/tex/latex/pdfpages/pdfpages.sty
Package: pdfpages 2020/01/28 v0.5q Insert pages of external PDF documents (AM)

(c:/texlive/2020/texmf-dist/tex/latex/base/ifthen.sty
Package: ifthen 2014/09/29 v1.1c Standard LaTeX ifthen package (DPC)
)
(c:/texlive/2020/texmf-dist/tex/latex/tools/calc.sty
Package: calc 2017/05/25 v4.3 Infix arithmetic (KKT,FJ)
\calc@Acount=\count322
\calc@Bcount=\count323
\calc@Adimen=\dimen302
\calc@Bdimen=\dimen303
\calc@Askip=\skip66
\calc@Bskip=\skip67
LaTeX Info: Redefining \setlength on input line 80.
LaTeX Info: Redefining \addtolength on input line 81.
\calc@Ccount=\count324
\calc@Cskip=\skip68
)
(c:/texlive/2020/texmf-dist/tex/latex/eso-pic/eso-pic.sty
Package: eso-pic 2018/04/12 v2.0h eso-pic (RN)
)
\AM@pagewidth=\dimen304
\AM@pageheight=\dimen305

(c:/texlive/2020/texmf-dist/tex/latex/pdfpages/pppdftex.def
File: pppdftex.def 2020/01/28 v0.5q Pdfpages driver for pdfTeX (AM)
)
\AM@pagebox=\box84
\AM@global@opts=\toks49
\AM@pagecnt=\count325
\AM@toc@title=\toks50
\c@AM@survey=\count326
\AM@templatesizebox=\box85
)
(c:/texlive/2020/texmf-dist/tex/latex/multirow/multirow.sty
Package: multirow 2019/05/31 v2.5 Span multiple rows of a table
\multirow@colwidth=\skip69
\multirow@cntb=\count327
\multirow@dima=\skip70
\bigstrutjot=\dimen306
)
(c:/texlive/2020/texmf-dist/tex/latex/comment/comment.sty
\CommentStream=\write7

Excluding comment 'comment')
Package hyperref Info: Option `colorlinks' set `true' on input line 20.

(c:/texlive/2020/texmf-dist/tex/latex/pgf/frontendlayer/tikz.sty
(c:/texlive/2020/texmf-dist/tex/latex/pgf/utilities/pgffor.sty
(c:/texlive/2020/texmf-dist/tex/latex/pgf/utilities/pgfkeys.sty
(c:/texlive/2020/texmf-dist/tex/generic/pgf/utilities/pgfkeys.code.tex))
(c:/texlive/2020/texmf-dist/tex/latex/pgf/math/pgfmath.sty
(c:/texlive/2020/texmf-dist/tex/generic/pgf/math/pgfmath.code.tex))
(c:/texlive/2020/texmf-dist/tex/generic/pgf/utilities/pgffor.code.tex
Package: pgffor 2020/01/08 v3.1.5b (3.1.5b)

(c:/texlive/2020/texmf-dist/tex/generic/pgf/math/pgfmath.code.tex)
\pgffor@iter=\dimen307
\pgffor@skip=\dimen308
\pgffor@stack=\toks51
\pgffor@toks=\toks52
))
(c:/texlive/2020/texmf-dist/tex/generic/pgf/frontendlayer/tikz/tikz.code.tex
Package: tikz 2020/01/08 v3.1.5b (3.1.5b)

(c:/texlive/2020/texmf-dist/tex/generic/pgf/libraries/pgflibraryplothandlers.co
de.tex
File: pgflibraryplothandlers.code.tex 2020/01/08 v3.1.5b (3.1.5b)
\pgf@plot@mark@count=\count328
\pgfplotmarksize=\dimen309
)
\tikz@lastx=\dimen310
\tikz@lasty=\dimen311
\tikz@lastxsaved=\dimen312
\tikz@lastysaved=\dimen313
\tikz@lastmovetox=\dimen314
\tikz@lastmovetoy=\dimen315
\tikzleveldistance=\dimen316
\tikzsiblingdistance=\dimen317
\tikz@figbox=\box86
\tikz@figbox@bg=\box87
\tikz@tempbox=\box88
\tikz@tempbox@bg=\box89
\tikztreelevel=\count329
\tikznumberofchildren=\count330
\tikznumberofcurrentchild=\count331
\tikz@fig@count=\count332

(c:/texlive/2020/texmf-dist/tex/generic/pgf/modules/pgfmodulematrix.code.tex
File: pgfmodulematrix.code.tex 2020/01/08 v3.1.5b (3.1.5b)
\pgfmatrixcurrentrow=\count333
\pgfmatrixcurrentcolumn=\count334
\pgf@matrix@numberofcolumns=\count335
)
\tikz@expandcount=\count336

(c:/texlive/2020/texmf-dist/tex/generic/pgf/frontendlayer/tikz/libraries/tikzli
brarytopaths.code.tex
File: tikzlibrarytopaths.code.tex 2020/01/08 v3.1.5b (3.1.5b)
)))
(c:/texlive/2020/texmf-dist/tex/generic/pgf/frontendlayer/tikz/libraries/tikzli
braryshapes.geometric.code.tex
File: tikzlibraryshapes.geometric.code.tex 2020/01/08 v3.1.5b (3.1.5b)

(c:/texlive/2020/texmf-dist/tex/generic/pgf/libraries/shapes/pgflibraryshapes.g
eometric.code.tex
File: pgflibraryshapes.geometric.code.tex 2020/01/08 v3.1.5b (3.1.5b)
))
(c:/texlive/2020/texmf-dist/tex/generic/pgf/frontendlayer/tikz/libraries/tikzli
braryarrows.code.tex
File: tikzlibraryarrows.code.tex 2020/01/08 v3.1.5b (3.1.5b)

(c:/texlive/2020/texmf-dist/tex/generic/pgf/libraries/pgflibraryarrows.code.tex
File: pgflibraryarrows.code.tex 2020/01/08 v3.1.5b (3.1.5b)
\arrowsize=\dimen318
))
(c:/texlive/2020/texmf-dist/tex/latex/beamertheme-metropolis/beamerthememetropo
lis.sty
Package: beamerthememetropolis 2017/01/23 v1.2 Metropolis Beamer theme
 (c:/texlive/2020/texmf-dist/tex/latex/pgfopts/pgfopts.sty
Package: pgfopts 2014/07/10 v2.1a LaTeX package options with pgfkeys
\pgfopts@list@add@a@toks=\toks53
\pgfopts@list@add@b@toks=\toks54
)
(c:/texlive/2020/texmf-dist/tex/latex/beamertheme-metropolis/beamerinnerthememe
tropolis.sty
Package: beamerinnerthememetropolis 2017/01/23 Metropolis inner theme
\metropolis@titleseparator@linewidth=\skip71
\metropolis@progressonsectionpage=\skip72
\metropolis@progressonsectionpage@linewidth=\skip73
\metropolis@blocksep=\skip74
\metropolis@blockadjust=\skip75
\metropolis@parskip=\skip76
)
(c:/texlive/2020/texmf-dist/tex/latex/beamertheme-metropolis/beamerouterthememe
tropolis.sty
Package: beamerouterthememetropolis 2017/01/23 Metropolis outer theme
\metropolis@frametitle@padding=\skip77
\metropolis@progressinheadfoot=\skip78
\metropolis@progressinheadfoot@linewidth=\skip79
)
(c:/texlive/2020/texmf-dist/tex/latex/beamertheme-metropolis/beamercolorthememe
tropolis.sty
Package: beamercolorthememetropolis 2017/01/23 Metropolis color theme
)
(c:/texlive/2020/texmf-dist/tex/latex/beamertheme-metropolis/beamerfontthememet
ropolis.sty
Package: beamerfontthememetropolis 2017/01/23 Metropolis font theme
 (c:/texlive/2020/texmf-dist/tex/generic/iftex/ifxetex.sty
Package: ifxetex 2019/10/25 v0.7 ifxetex legacy package. Use iftex instead.
)
(c:/texlive/2020/texmf-dist/tex/generic/iftex/ifluatex.sty
Package: ifluatex 2019/10/25 v1.5 ifluatex legacy package. Use iftex instead.
)

Package beamerthememetropolis Warning: You need to compile with XeLaTeX or LuaL
aTeX to use the Fira fonts on input line 95.

)) (c:/texlive/2020/texmf-dist/tex/latex/l3backend/l3backend-pdfmode.def
File: l3backend-pdfmode.def 2020-06-18 L3 backend support: PDF mode
\l__kernel_color_stack_int=\count337
\l__pdf_internal_box=\box90
)
(./knn.aux)
\openout1 = `knn.aux'.

LaTeX Font Info:    Checking defaults for OML/cmm/m/it on input line 74.
LaTeX Font Info:    ... okay on input line 74.
LaTeX Font Info:    Checking defaults for OMS/cmsy/m/n on input line 74.
LaTeX Font Info:    ... okay on input line 74.
LaTeX Font Info:    Checking defaults for OT1/cmr/m/n on input line 74.
LaTeX Font Info:    ... okay on input line 74.
LaTeX Font Info:    Checking defaults for T1/cmr/m/n on input line 74.
LaTeX Font Info:    ... okay on input line 74.
LaTeX Font Info:    Checking defaults for TS1/cmr/m/n on input line 74.
LaTeX Font Info:    ... okay on input line 74.
LaTeX Font Info:    Checking defaults for OMX/cmex/m/n on input line 74.
LaTeX Font Info:    ... okay on input line 74.
LaTeX Font Info:    Checking defaults for U/cmr/m/n on input line 74.
LaTeX Font Info:    ... okay on input line 74.
LaTeX Font Info:    Checking defaults for PD1/pdf/m/n on input line 74.
LaTeX Font Info:    ... okay on input line 74.

*geometry* driver: auto-detecting
*geometry* detected driver: pdftex
*geometry* verbose mode - [ preamble ] result:
* driver: pdftex
* paper: custom
* layout: <same size as paper>
* layoutoffset:(h,v)=(0.0pt,0.0pt)
* modes: includehead includefoot 
* h-part:(L,W,R)=(28.45274pt, 307.28987pt, 28.45274pt)
* v-part:(T,H,B)=(0.0pt, 273.14662pt, 0.0pt)
* \paperwidth=364.19536pt
* \paperheight=273.14662pt
* \textwidth=307.28987pt
* \textheight=244.6939pt
* \oddsidemargin=-43.81725pt
* \evensidemargin=-43.81725pt
* \topmargin=-72.26999pt
* \headheight=14.22636pt
* \headsep=0.0pt
* \topskip=11.0pt
* \footskip=14.22636pt
* \marginparwidth=4.0pt
* \marginparsep=10.0pt
* \columnsep=10.0pt
* \skip\footins=10.0pt plus 4.0pt minus 2.0pt
* \hoffset=0.0pt
* \voffset=0.0pt
* \mag=1000
* \@twocolumnfalse
* \@twosidefalse
* \@mparswitchfalse
* \@reversemarginfalse
* (1in=72.27pt=25.4mm, 1cm=28.453pt)

(c:/texlive/2020/texmf-dist/tex/context/base/mkii/supp-pdf.mkii
[Loading MPS to PDF converter (version 2006.09.02).]
\scratchcounter=\count338
\scratchdimen=\dimen319
\scratchbox=\box91
\nofMPsegments=\count339
\nofMParguments=\count340
\everyMPshowfont=\toks55
\MPscratchCnt=\count341
\MPscratchDim=\dimen320
\MPnumerator=\count342
\makeMPintoPDFobject=\count343
\everyMPtoPDFconversion=\toks56
) (c:/texlive/2020/texmf-dist/tex/latex/epstopdf-pkg/epstopdf-base.sty
Package: epstopdf-base 2020-01-24 v2.11 Base part for package epstopdf
Package epstopdf-base Info: Redefining graphics rule for `.eps' on input line 4
85.

(c:/texlive/2020/texmf-dist/tex/latex/latexconfig/epstopdf-sys.cfg
File: epstopdf-sys.cfg 2010/07/13 v1.3 Configuration of (r)epstopdf for TeX Liv
e
))
ABD: EveryShipout initializing macros
\AtBeginShipoutBox=\box92
Package hyperref Info: Link coloring ON on input line 74.

(c:/texlive/2020/texmf-dist/tex/latex/hyperref/nameref.sty
Package: nameref 2019/09/16 v2.46 Cross-referencing by name of section

(c:/texlive/2020/texmf-dist/tex/latex/refcount/refcount.sty
Package: refcount 2019/12/15 v3.6 Data extraction from label references (HO)
)
(c:/texlive/2020/texmf-dist/tex/generic/gettitlestring/gettitlestring.sty
Package: gettitlestring 2019/12/15 v1.6 Cleanup title references (HO)
)
\c@section@level=\count344
)
LaTeX Info: Redefining \ref on input line 74.
LaTeX Info: Redefining \pageref on input line 74.
LaTeX Info: Redefining \nameref on input line 74.

(./knn.out) (./knn.out)
\@outlinefile=\write8
\openout8 = `knn.out'.

LaTeX Font Info:    Overwriting symbol font `operators' in version `normal'
(Font)                  OT1/cmr/m/n --> OT1/cmss/m/n on input line 74.
LaTeX Font Info:    Overwriting symbol font `operators' in version `bold'
(Font)                  OT1/cmr/bx/n --> OT1/cmss/b/n on input line 74.
\symnumbers=\mathgroup6
\sympureletters=\mathgroup7
LaTeX Font Info:    Overwriting math alphabet `\mathrm' in version `normal'
(Font)                  OT1/cmss/m/n --> OT1/cmr/m/n on input line 74.
LaTeX Font Info:    Redeclaring math alphabet \mathbf on input line 74.
LaTeX Font Info:    Overwriting math alphabet `\mathbf' in version `normal'
(Font)                  OT1/cmr/bx/n --> OT1/cmss/b/n on input line 74.
LaTeX Font Info:    Overwriting math alphabet `\mathbf' in version `bold'
(Font)                  OT1/cmr/bx/n --> OT1/cmss/b/n on input line 74.
LaTeX Font Info:    Redeclaring math alphabet \mathsf on input line 74.
LaTeX Font Info:    Overwriting math alphabet `\mathsf' in version `normal'
(Font)                  OT1/cmss/m/n --> OT1/cmss/m/n on input line 74.
LaTeX Font Info:    Overwriting math alphabet `\mathsf' in version `bold'
(Font)                  OT1/cmss/bx/n --> OT1/cmss/m/n on input line 74.
LaTeX Font Info:    Redeclaring math alphabet \mathit on input line 74.
LaTeX Font Info:    Overwriting math alphabet `\mathit' in version `normal'
(Font)                  OT1/cmr/m/it --> OT1/cmss/m/it on input line 74.
LaTeX Font Info:    Overwriting math alphabet `\mathit' in version `bold'
(Font)                  OT1/cmr/bx/it --> OT1/cmss/m/it on input line 74.
LaTeX Font Info:    Redeclaring math alphabet \mathtt on input line 74.
LaTeX Font Info:    Overwriting math alphabet `\mathtt' in version `normal'
(Font)                  OT1/cmtt/m/n --> OT1/cmtt/m/n on input line 74.
LaTeX Font Info:    Overwriting math alphabet `\mathtt' in version `bold'
(Font)                  OT1/cmtt/m/n --> OT1/cmtt/m/n on input line 74.
LaTeX Font Info:    Overwriting symbol font `numbers' in version `bold'
(Font)                  OT1/cmss/m/n --> OT1/cmss/b/n on input line 74.
LaTeX Font Info:    Overwriting symbol font `pureletters' in version `bold'
(Font)                  OT1/cmss/m/it --> OT1/cmss/b/it on input line 74.
LaTeX Font Info:    Overwriting math alphabet `\mathrm' in version `bold'
(Font)                  OT1/cmss/b/n --> OT1/cmr/b/n on input line 74.
LaTeX Font Info:    Overwriting math alphabet `\mathbf' in version `bold'
(Font)                  OT1/cmss/b/n --> OT1/cmss/b/n on input line 74.
LaTeX Font Info:    Overwriting math alphabet `\mathsf' in version `bold'
(Font)                  OT1/cmss/m/n --> OT1/cmss/b/n on input line 74.
LaTeX Font Info:    Overwriting math alphabet `\mathit' in version `bold'
(Font)                  OT1/cmss/m/it --> OT1/cmss/b/it on input line 74.
LaTeX Font Info:    Overwriting math alphabet `\mathtt' in version `bold'
(Font)                  OT1/cmtt/m/n --> OT1/cmtt/b/n on input line 74.
LaTeX Font Info:    Redeclaring symbol font `pureletters' on input line 74.
LaTeX Font Info:    Overwriting symbol font `pureletters' in version `normal'
(Font)                  OT1/cmss/m/it --> OT1/mathkerncmss/m/sl on input line 7
4.
LaTeX Font Info:    Overwriting symbol font `pureletters' in version `bold'
(Font)                  OT1/cmss/b/it --> OT1/mathkerncmss/m/sl on input line 7
4.
LaTeX Font Info:    Overwriting symbol font `pureletters' in version `bold'
(Font)                  OT1/mathkerncmss/m/sl --> OT1/mathkerncmss/bx/sl on inp
ut line 74.

(c:/texlive/2020/texmf-dist/tex/latex/translator/translator-basic-dictionary-En
glish.dict
Dictionary: translator-basic-dictionary, Language: English 
)
(c:/texlive/2020/texmf-dist/tex/latex/translator/translator-bibliography-dictio
nary-English.dict
Dictionary: translator-bibliography-dictionary, Language: English 
)
(c:/texlive/2020/texmf-dist/tex/latex/translator/translator-environment-diction
ary-English.dict
Dictionary: translator-environment-dictionary, Language: English 
)
(c:/texlive/2020/texmf-dist/tex/latex/translator/translator-months-dictionary-E
nglish.dict
Dictionary: translator-months-dictionary, Language: English 
)
(c:/texlive/2020/texmf-dist/tex/latex/translator/translator-numbers-dictionary-
English.dict
Dictionary: translator-numbers-dictionary, Language: English 
)
(c:/texlive/2020/texmf-dist/tex/latex/translator/translator-theorem-dictionary-
English.dict
Dictionary: translator-theorem-dictionary, Language: English 
)
Package caption Info: Begin \AtBeginDocument code.
Package caption Info: End \AtBeginDocument code.
 (c:/texlive/2020/texmf-dist/tex/latex/pdflscape/pdflscape.sty
Package: pdflscape 2019/12/05 v0.12 Display of landscape pages in PDF (HO)

(c:/texlive/2020/texmf-dist/tex/latex/graphics/lscape.sty
Package: lscape 2000/10/22 v3.01 Landscape Pages (DPC)
)
Package pdflscape Info: Auto-detected driver: pdftex on input line 81.
) (./knn.nav)
Overfull \vbox (15.63992pt too high) detected at line 75
 []

[1

{c:/texlive/2020/texmf-var/fonts/map/pdftex/updmap/pdftex.map}]

Package pdfpages Warning: Option `page' is unknow to \includepdf.
(pdfpages)                Did you mean `pages'? (Note the `s'!)
(pdfpages)                OK, I'll proceed as if it were `pages'.

<knn/knn-intuition.pdf, id=22, 653.3208pt x 408.32549pt>
File: knn/knn-intuition.pdf Graphic file (type pdf)
<use knn/knn-intuition.pdf>
Package pdftex.def Info: knn/knn-intuition.pdf  used on input line 79.
(pdftex.def)             Requested size: 653.3192pt x 408.32448pt.
File: knn/knn-intuition.pdf Graphic file (type pdf)
<use knn/knn-intuition.pdf>
Package pdftex.def Info: knn/knn-intuition.pdf  used on input line 79.
(pdftex.def)             Requested size: 653.3192pt x 408.32448pt.
<knn/knn-intuition.pdf, id=25, page=1, 653.3208pt x 408.32549pt>
File: knn/knn-intuition.pdf Graphic file (type pdf)
<use knn/knn-intuition.pdf, page 1>
Package pdftex.def Info: knn/knn-intuition.pdf , page1 used on input line 79.
(pdftex.def)             Requested size: 653.3192pt x 408.32448pt.
File: knn/knn-intuition.pdf Graphic file (type pdf)
<use knn/knn-intuition.pdf, page 1>
Package pdftex.def Info: knn/knn-intuition.pdf , page1 used on input line 79.
(pdftex.def)             Requested size: 364.3718pt x 227.73236pt.
File: knn/knn-intuition.pdf Graphic file (type pdf)
<use knn/knn-intuition.pdf, page 1>
Package pdftex.def Info: knn/knn-intuition.pdf , page1 used on input line 79.
(pdftex.def)             Requested size: 364.3718pt x 227.73236pt.
File: knn/knn-intuition.pdf Graphic file (type pdf)
<use knn/knn-intuition.pdf, page 1>
Package pdftex.def Info: knn/knn-intuition.pdf , page1 used on input line 79.
(pdftex.def)             Requested size: 364.3718pt x 227.73236pt.
File: knn/knn-intuition.pdf Graphic file (type pdf)
<use knn/knn-intuition.pdf, page 1>
Package pdftex.def Info: knn/knn-intuition.pdf , page1 used on input line 79.
(pdftex.def)             Requested size: 364.3718pt x 227.73236pt.
[2

 <./knn/knn-intuition.pdf>]
<knn/knn-intuition.pdf, id=48, page=2, 653.3208pt x 408.32549pt>
File: knn/knn-intuition.pdf Graphic file (type pdf)
<use knn/knn-intuition.pdf, page 2>
Package pdftex.def Info: knn/knn-intuition.pdf , page2 used on input line 79.
(pdftex.def)             Requested size: 364.3718pt x 227.73236pt.
File: knn/knn-intuition.pdf Graphic file (type pdf)
<use knn/knn-intuition.pdf, page 2>
Package pdftex.def Info: knn/knn-intuition.pdf , page2 used on input line 79.
(pdftex.def)             Requested size: 364.3718pt x 227.73236pt.
File: knn/knn-intuition.pdf Graphic file (type pdf)
<use knn/knn-intuition.pdf, page 2>
Package pdftex.def Info: knn/knn-intuition.pdf , page2 used on input line 79.
(pdftex.def)             Requested size: 364.3718pt x 227.73236pt.
 [3 <./knn/knn-intuition.pdf>]
<knn/knn-intuition.pdf, id=69, page=3, 653.3208pt x 408.32549pt>
File: knn/knn-intuition.pdf Graphic file (type pdf)
<use knn/knn-intuition.pdf, page 3>
Package pdftex.def Info: knn/knn-intuition.pdf , page3 used on input line 79.
(pdftex.def)             Requested size: 364.3718pt x 227.73236pt.
File: knn/knn-intuition.pdf Graphic file (type pdf)
<use knn/knn-intuition.pdf, page 3>
Package pdftex.def Info: knn/knn-intuition.pdf , page3 used on input line 79.
(pdftex.def)             Requested size: 364.3718pt x 227.73236pt.
File: knn/knn-intuition.pdf Graphic file (type pdf)
<use knn/knn-intuition.pdf, page 3>
Package pdftex.def Info: knn/knn-intuition.pdf , page3 used on input line 79.
(pdftex.def)             Requested size: 364.3718pt x 227.73236pt.
 [4 <./knn/knn-intuition.pdf>]
<knn/knn-intuition.pdf, id=78, page=4, 653.3208pt x 408.32549pt>
File: knn/knn-intuition.pdf Graphic file (type pdf)
<use knn/knn-intuition.pdf, page 4>
Package pdftex.def Info: knn/knn-intuition.pdf , page4 used on input line 79.
(pdftex.def)             Requested size: 364.3718pt x 227.73236pt.
File: knn/knn-intuition.pdf Graphic file (type pdf)
<use knn/knn-intuition.pdf, page 4>
Package pdftex.def Info: knn/knn-intuition.pdf , page4 used on input line 79.
(pdftex.def)             Requested size: 364.3718pt x 227.73236pt.
File: knn/knn-intuition.pdf Graphic file (type pdf)
<use knn/knn-intuition.pdf, page 4>
Package pdftex.def Info: knn/knn-intuition.pdf , page4 used on input line 79.
(pdftex.def)             Requested size: 364.3718pt x 227.73236pt.
 [5 <./knn/knn-intuition.pdf>]
<knn/knn-intuition.pdf, id=87, page=5, 653.3208pt x 408.32549pt>
File: knn/knn-intuition.pdf Graphic file (type pdf)
<use knn/knn-intuition.pdf, page 5>
Package pdftex.def Info: knn/knn-intuition.pdf , page5 used on input line 79.
(pdftex.def)             Requested size: 364.3718pt x 227.73236pt.
File: knn/knn-intuition.pdf Graphic file (type pdf)
<use knn/knn-intuition.pdf, page 5>
Package pdftex.def Info: knn/knn-intuition.pdf , page5 used on input line 79.
(pdftex.def)             Requested size: 364.3718pt x 227.73236pt.
File: knn/knn-intuition.pdf Graphic file (type pdf)
<use knn/knn-intuition.pdf, page 5>
Package pdftex.def Info: knn/knn-intuition.pdf , page5 used on input line 79.
(pdftex.def)             Requested size: 364.3718pt x 227.73236pt.
 [6 <./knn/knn-intuition.pdf>]
<knn/knn-intuition.pdf, id=96, page=6, 653.3208pt x 408.32549pt>
File: knn/knn-intuition.pdf Graphic file (type pdf)
<use knn/knn-intuition.pdf, page 6>
Package pdftex.def Info: knn/knn-intuition.pdf , page6 used on input line 79.
(pdftex.def)             Requested size: 364.3718pt x 227.73236pt.
File: knn/knn-intuition.pdf Graphic file (type pdf)
<use knn/knn-intuition.pdf, page 6>
Package pdftex.def Info: knn/knn-intuition.pdf , page6 used on input line 79.
(pdftex.def)             Requested size: 364.3718pt x 227.73236pt.
File: knn/knn-intuition.pdf Graphic file (type pdf)
<use knn/knn-intuition.pdf, page 6>
Package pdftex.def Info: knn/knn-intuition.pdf , page6 used on input line 79.
(pdftex.def)             Requested size: 364.3718pt x 227.73236pt.
 [7 <./knn/knn-intuition.pdf>]
<knn/1nn.pdf, id=112, 653.3208pt x 408.32549pt>
File: knn/1nn.pdf Graphic file (type pdf)
<use knn/1nn.pdf>
Package pdftex.def Info: knn/1nn.pdf  used on input line 84.
(pdftex.def)             Requested size: 653.3192pt x 408.32448pt.
File: knn/1nn.pdf Graphic file (type pdf)
<use knn/1nn.pdf>
Package pdftex.def Info: knn/1nn.pdf  used on input line 84.
(pdftex.def)             Requested size: 653.3192pt x 408.32448pt.
<knn/1nn.pdf, id=115, page=1, 653.3208pt x 408.32549pt>
File: knn/1nn.pdf Graphic file (type pdf)
<use knn/1nn.pdf, page 1>
Package pdftex.def Info: knn/1nn.pdf , page1 used on input line 84.
(pdftex.def)             Requested size: 653.3192pt x 408.32448pt.
File: knn/1nn.pdf Graphic file (type pdf)
<use knn/1nn.pdf, page 1>
Package pdftex.def Info: knn/1nn.pdf , page1 used on input line 84.
(pdftex.def)             Requested size: 364.3718pt x 227.73236pt.
File: knn/1nn.pdf Graphic file (type pdf)
<use knn/1nn.pdf, page 1>
Package pdftex.def Info: knn/1nn.pdf , page1 used on input line 84.
(pdftex.def)             Requested size: 364.3718pt x 227.73236pt.
File: knn/1nn.pdf Graphic file (type pdf)
<use knn/1nn.pdf, page 1>
Package pdftex.def Info: knn/1nn.pdf , page1 used on input line 84.
(pdftex.def)             Requested size: 364.3718pt x 227.73236pt.
File: knn/1nn.pdf Graphic file (type pdf)
<use knn/1nn.pdf, page 1>
Package pdftex.def Info: knn/1nn.pdf , page1 used on input line 84.
(pdftex.def)             Requested size: 364.3718pt x 227.73236pt.
 [8 <./knn/1nn.pdf>]
<knn/1nn.pdf, id=138, page=2, 653.3208pt x 408.32549pt>
File: knn/1nn.pdf Graphic file (type pdf)
<use knn/1nn.pdf, page 2>
Package pdftex.def Info: knn/1nn.pdf , page2 used on input line 84.
(pdftex.def)             Requested size: 364.3718pt x 227.73236pt.
File: knn/1nn.pdf Graphic file (type pdf)
<use knn/1nn.pdf, page 2>
Package pdftex.def Info: knn/1nn.pdf , page2 used on input line 84.
(pdftex.def)             Requested size: 364.3718pt x 227.73236pt.
File: knn/1nn.pdf Graphic file (type pdf)
<use knn/1nn.pdf, page 2>
Package pdftex.def Info: knn/1nn.pdf , page2 used on input line 84.
(pdftex.def)             Requested size: 364.3718pt x 227.73236pt.
 [9 <./knn/1nn.pdf>]
<knn/1nn.pdf, id=147, page=3, 653.3208pt x 408.32549pt>
File: knn/1nn.pdf Graphic file (type pdf)
<use knn/1nn.pdf, page 3>
Package pdftex.def Info: knn/1nn.pdf , page3 used on input line 84.
(pdftex.def)             Requested size: 364.3718pt x 227.73236pt.
File: knn/1nn.pdf Graphic file (type pdf)
<use knn/1nn.pdf, page 3>
Package pdftex.def Info: knn/1nn.pdf , page3 used on input line 84.
(pdftex.def)             Requested size: 364.3718pt x 227.73236pt.
File: knn/1nn.pdf Graphic file (type pdf)
<use knn/1nn.pdf, page 3>
Package pdftex.def Info: knn/1nn.pdf , page3 used on input line 84.
(pdftex.def)             Requested size: 364.3718pt x 227.73236pt.
 [10 <./knn/1nn.pdf>]
<knn/1nn.pdf, id=169, page=4, 653.3208pt x 408.32549pt>
File: knn/1nn.pdf Graphic file (type pdf)
<use knn/1nn.pdf, page 4>
Package pdftex.def Info: knn/1nn.pdf , page4 used on input line 84.
(pdftex.def)             Requested size: 364.3718pt x 227.73236pt.
File: knn/1nn.pdf Graphic file (type pdf)
<use knn/1nn.pdf, page 4>
Package pdftex.def Info: knn/1nn.pdf , page4 used on input line 84.
(pdftex.def)             Requested size: 364.3718pt x 227.73236pt.
File: knn/1nn.pdf Graphic file (type pdf)
<use knn/1nn.pdf, page 4>
Package pdftex.def Info: knn/1nn.pdf , page4 used on input line 84.
(pdftex.def)             Requested size: 364.3718pt x 227.73236pt.
 [11 <./knn/1nn.pdf>]
<knn/1nn.pdf, id=188, page=5, 653.3208pt x 408.32549pt>
File: knn/1nn.pdf Graphic file (type pdf)
<use knn/1nn.pdf, page 5>
Package pdftex.def Info: knn/1nn.pdf , page5 used on input line 84.
(pdftex.def)             Requested size: 364.3718pt x 227.73236pt.
File: knn/1nn.pdf Graphic file (type pdf)
<use knn/1nn.pdf, page 5>
Package pdftex.def Info: knn/1nn.pdf , page5 used on input line 84.
(pdftex.def)             Requested size: 364.3718pt x 227.73236pt.
File: knn/1nn.pdf Graphic file (type pdf)
<use knn/1nn.pdf, page 5>
Package pdftex.def Info: knn/1nn.pdf , page5 used on input line 84.
(pdftex.def)             Requested size: 364.3718pt x 227.73236pt.
 [12 <./knn/1nn.pdf>]
<knn/1nn.pdf, id=197, page=6, 653.3208pt x 408.32549pt>
File: knn/1nn.pdf Graphic file (type pdf)
<use knn/1nn.pdf, page 6>
Package pdftex.def Info: knn/1nn.pdf , page6 used on input line 84.
(pdftex.def)             Requested size: 364.3718pt x 227.73236pt.
File: knn/1nn.pdf Graphic file (type pdf)
<use knn/1nn.pdf, page 6>
Package pdftex.def Info: knn/1nn.pdf , page6 used on input line 84.
(pdftex.def)             Requested size: 364.3718pt x 227.73236pt.
File: knn/1nn.pdf Graphic file (type pdf)
<use knn/1nn.pdf, page 6>
Package pdftex.def Info: knn/1nn.pdf , page6 used on input line 84.
(pdftex.def)             Requested size: 364.3718pt x 227.73236pt.
 [13 <./knn/1nn.pdf>]
<knn/1nn.pdf, id=207, page=7, 653.3208pt x 408.32549pt>
File: knn/1nn.pdf Graphic file (type pdf)
<use knn/1nn.pdf, page 7>
Package pdftex.def Info: knn/1nn.pdf , page7 used on input line 84.
(pdftex.def)             Requested size: 364.3718pt x 227.73236pt.
File: knn/1nn.pdf Graphic file (type pdf)
<use knn/1nn.pdf, page 7>
Package pdftex.def Info: knn/1nn.pdf , page7 used on input line 84.
(pdftex.def)             Requested size: 364.3718pt x 227.73236pt.
File: knn/1nn.pdf Graphic file (type pdf)
<use knn/1nn.pdf, page 7>
Package pdftex.def Info: knn/1nn.pdf , page7 used on input line 84.
(pdftex.def)             Requested size: 364.3718pt x 227.73236pt.
 [14 <./knn/1nn.pdf>]
<knn/1nn.pdf, id=216, page=8, 653.3208pt x 408.32549pt>
File: knn/1nn.pdf Graphic file (type pdf)
<use knn/1nn.pdf, page 8>
Package pdftex.def Info: knn/1nn.pdf , page8 used on input line 84.
(pdftex.def)             Requested size: 364.3718pt x 227.73236pt.
File: knn/1nn.pdf Graphic file (type pdf)
<use knn/1nn.pdf, page 8>
Package pdftex.def Info: knn/1nn.pdf , page8 used on input line 84.
(pdftex.def)             Requested size: 364.3718pt x 227.73236pt.
File: knn/1nn.pdf Graphic file (type pdf)
<use knn/1nn.pdf, page 8>
Package pdftex.def Info: knn/1nn.pdf , page8 used on input line 84.
(pdftex.def)             Requested size: 364.3718pt x 227.73236pt.
 [15 <./knn/1nn.pdf>]
<knn/1nn.pdf, id=225, page=9, 653.3208pt x 408.32549pt>
File: knn/1nn.pdf Graphic file (type pdf)
<use knn/1nn.pdf, page 9>
Package pdftex.def Info: knn/1nn.pdf , page9 used on input line 84.
(pdftex.def)             Requested size: 364.3718pt x 227.73236pt.
File: knn/1nn.pdf Graphic file (type pdf)
<use knn/1nn.pdf, page 9>
Package pdftex.def Info: knn/1nn.pdf , page9 used on input line 84.
(pdftex.def)             Requested size: 364.3718pt x 227.73236pt.
File: knn/1nn.pdf Graphic file (type pdf)
<use knn/1nn.pdf, page 9>
Package pdftex.def Info: knn/1nn.pdf , page9 used on input line 84.
(pdftex.def)             Requested size: 364.3718pt x 227.73236pt.
 [16 <./knn/1nn.pdf>]
<knn/1nn.pdf, id=234, page=10, 653.3208pt x 408.32549pt>
File: knn/1nn.pdf Graphic file (type pdf)
<use knn/1nn.pdf, page 10>
Package pdftex.def Info: knn/1nn.pdf , page10 used on input line 84.
(pdftex.def)             Requested size: 364.3718pt x 227.73236pt.
File: knn/1nn.pdf Graphic file (type pdf)
<use knn/1nn.pdf, page 10>
Package pdftex.def Info: knn/1nn.pdf , page10 used on input line 84.
(pdftex.def)             Requested size: 364.3718pt x 227.73236pt.
File: knn/1nn.pdf Graphic file (type pdf)
<use knn/1nn.pdf, page 10>
Package pdftex.def Info: knn/1nn.pdf , page10 used on input line 84.
(pdftex.def)             Requested size: 364.3718pt x 227.73236pt.
 [17 <./knn/1nn.pdf>]
<knn/1nn.pdf, id=243, page=11, 653.3208pt x 408.32549pt>
File: knn/1nn.pdf Graphic file (type pdf)
<use knn/1nn.pdf, page 11>
Package pdftex.def Info: knn/1nn.pdf , page11 used on input line 84.
(pdftex.def)             Requested size: 364.3718pt x 227.73236pt.
File: knn/1nn.pdf Graphic file (type pdf)
<use knn/1nn.pdf, page 11>
Package pdftex.def Info: knn/1nn.pdf , page11 used on input line 84.
(pdftex.def)             Requested size: 364.3718pt x 227.73236pt.
File: knn/1nn.pdf Graphic file (type pdf)
<use knn/1nn.pdf, page 11>
Package pdftex.def Info: knn/1nn.pdf , page11 used on input line 84.
(pdftex.def)             Requested size: 364.3718pt x 227.73236pt.

[18 <./knn/1nn.pdf>]
<knn/1nn.pdf, id=252, page=12, 653.3208pt x 408.32549pt>
File: knn/1nn.pdf Graphic file (type pdf)
<use knn/1nn.pdf, page 12>
Package pdftex.def Info: knn/1nn.pdf , page12 used on input line 84.
(pdftex.def)             Requested size: 364.3718pt x 227.73236pt.
File: knn/1nn.pdf Graphic file (type pdf)
<use knn/1nn.pdf, page 12>
Package pdftex.def Info: knn/1nn.pdf , page12 used on input line 84.
(pdftex.def)             Requested size: 364.3718pt x 227.73236pt.
File: knn/1nn.pdf Graphic file (type pdf)
<use knn/1nn.pdf, page 12>
Package pdftex.def Info: knn/1nn.pdf , page12 used on input line 84.
(pdftex.def)             Requested size: 364.3718pt x 227.73236pt.
 [19 <./knn/1nn.pdf>]
<knn/1nn.pdf, id=262, page=13, 653.3208pt x 408.32549pt>
File: knn/1nn.pdf Graphic file (type pdf)
<use knn/1nn.pdf, page 13>
Package pdftex.def Info: knn/1nn.pdf , page13 used on input line 84.
(pdftex.def)             Requested size: 364.3718pt x 227.73236pt.
File: knn/1nn.pdf Graphic file (type pdf)
<use knn/1nn.pdf, page 13>
Package pdftex.def Info: knn/1nn.pdf , page13 used on input line 84.
(pdftex.def)             Requested size: 364.3718pt x 227.73236pt.
File: knn/1nn.pdf Graphic file (type pdf)
<use knn/1nn.pdf, page 13>
Package pdftex.def Info: knn/1nn.pdf , page13 used on input line 84.
(pdftex.def)             Requested size: 364.3718pt x 227.73236pt.
 [20 <./knn/1nn.pdf>]
<knn/1nn.pdf, id=271, page=14, 653.3208pt x 408.32549pt>
File: knn/1nn.pdf Graphic file (type pdf)
<use knn/1nn.pdf, page 14>
Package pdftex.def Info: knn/1nn.pdf , page14 used on input line 84.
(pdftex.def)             Requested size: 364.3718pt x 227.73236pt.
File: knn/1nn.pdf Graphic file (type pdf)
<use knn/1nn.pdf, page 14>
Package pdftex.def Info: knn/1nn.pdf , page14 used on input line 84.
(pdftex.def)             Requested size: 364.3718pt x 227.73236pt.
File: knn/1nn.pdf Graphic file (type pdf)
<use knn/1nn.pdf, page 14>
Package pdftex.def Info: knn/1nn.pdf , page14 used on input line 84.
(pdftex.def)             Requested size: 364.3718pt x 227.73236pt.
 [21 <./knn/1nn.pdf>]
<knn/1nn.pdf, id=280, page=15, 653.3208pt x 408.32549pt>
File: knn/1nn.pdf Graphic file (type pdf)
<use knn/1nn.pdf, page 15>
Package pdftex.def Info: knn/1nn.pdf , page15 used on input line 84.
(pdftex.def)             Requested size: 364.3718pt x 227.73236pt.
File: knn/1nn.pdf Graphic file (type pdf)
<use knn/1nn.pdf, page 15>
Package pdftex.def Info: knn/1nn.pdf , page15 used on input line 84.
(pdftex.def)             Requested size: 364.3718pt x 227.73236pt.
File: knn/1nn.pdf Graphic file (type pdf)
<use knn/1nn.pdf, page 15>
Package pdftex.def Info: knn/1nn.pdf , page15 used on input line 84.
(pdftex.def)             Requested size: 364.3718pt x 227.73236pt.
 [22 <./knn/1nn.pdf>]
<knn/1nn.pdf, id=289, page=16, 653.3208pt x 408.32549pt>
File: knn/1nn.pdf Graphic file (type pdf)
<use knn/1nn.pdf, page 16>
Package pdftex.def Info: knn/1nn.pdf , page16 used on input line 84.
(pdftex.def)             Requested size: 364.3718pt x 227.73236pt.
File: knn/1nn.pdf Graphic file (type pdf)
<use knn/1nn.pdf, page 16>
Package pdftex.def Info: knn/1nn.pdf , page16 used on input line 84.
(pdftex.def)             Requested size: 364.3718pt x 227.73236pt.
File: knn/1nn.pdf Graphic file (type pdf)
<use knn/1nn.pdf, page 16>
Package pdftex.def Info: knn/1nn.pdf , page16 used on input line 84.
(pdftex.def)             Requested size: 364.3718pt x 227.73236pt.
 [23 <./knn/1nn.pdf>]
<knn/1nn.pdf, id=298, page=17, 653.3208pt x 408.32549pt>
File: knn/1nn.pdf Graphic file (type pdf)
<use knn/1nn.pdf, page 17>
Package pdftex.def Info: knn/1nn.pdf , page17 used on input line 84.
(pdftex.def)             Requested size: 364.3718pt x 227.73236pt.
File: knn/1nn.pdf Graphic file (type pdf)
<use knn/1nn.pdf, page 17>
Package pdftex.def Info: knn/1nn.pdf , page17 used on input line 84.
(pdftex.def)             Requested size: 364.3718pt x 227.73236pt.
File: knn/1nn.pdf Graphic file (type pdf)
<use knn/1nn.pdf, page 17>
Package pdftex.def Info: knn/1nn.pdf , page17 used on input line 84.
(pdftex.def)             Requested size: 364.3718pt x 227.73236pt.
 [24 <./knn/1nn.pdf>]
<knn/1nn.pdf, id=307, page=18, 653.3208pt x 408.32549pt>
File: knn/1nn.pdf Graphic file (type pdf)
<use knn/1nn.pdf, page 18>
Package pdftex.def Info: knn/1nn.pdf , page18 used on input line 84.
(pdftex.def)             Requested size: 364.3718pt x 227.73236pt.
File: knn/1nn.pdf Graphic file (type pdf)
<use knn/1nn.pdf, page 18>
Package pdftex.def Info: knn/1nn.pdf , page18 used on input line 84.
(pdftex.def)             Requested size: 364.3718pt x 227.73236pt.
File: knn/1nn.pdf Graphic file (type pdf)
<use knn/1nn.pdf, page 18>
Package pdftex.def Info: knn/1nn.pdf , page18 used on input line 84.
(pdftex.def)             Requested size: 364.3718pt x 227.73236pt.
 [25 <./knn/1nn.pdf>]
<knn/1nn.pdf, id=318, page=19, 653.3208pt x 408.32549pt>
File: knn/1nn.pdf Graphic file (type pdf)
<use knn/1nn.pdf, page 19>
Package pdftex.def Info: knn/1nn.pdf , page19 used on input line 84.
(pdftex.def)             Requested size: 364.3718pt x 227.73236pt.
File: knn/1nn.pdf Graphic file (type pdf)
<use knn/1nn.pdf, page 19>
Package pdftex.def Info: knn/1nn.pdf , page19 used on input line 84.
(pdftex.def)             Requested size: 364.3718pt x 227.73236pt.
File: knn/1nn.pdf Graphic file (type pdf)
<use knn/1nn.pdf, page 19>
Package pdftex.def Info: knn/1nn.pdf , page19 used on input line 84.
(pdftex.def)             Requested size: 364.3718pt x 227.73236pt.
 [26 <./knn/1nn.pdf>]
<knn/1nn.pdf, id=327, page=20, 653.3208pt x 408.32549pt>
File: knn/1nn.pdf Graphic file (type pdf)
<use knn/1nn.pdf, page 20>
Package pdftex.def Info: knn/1nn.pdf , page20 used on input line 84.
(pdftex.def)             Requested size: 364.3718pt x 227.73236pt.
File: knn/1nn.pdf Graphic file (type pdf)
<use knn/1nn.pdf, page 20>
Package pdftex.def Info: knn/1nn.pdf , page20 used on input line 84.
(pdftex.def)             Requested size: 364.3718pt x 227.73236pt.
File: knn/1nn.pdf Graphic file (type pdf)
<use knn/1nn.pdf, page 20>
Package pdftex.def Info: knn/1nn.pdf , page20 used on input line 84.
(pdftex.def)             Requested size: 364.3718pt x 227.73236pt.
 [27 <./knn/1nn.pdf>]
<knn/1nn.pdf, id=340, page=21, 653.3208pt x 408.32549pt>
File: knn/1nn.pdf Graphic file (type pdf)
<use knn/1nn.pdf, page 21>
Package pdftex.def Info: knn/1nn.pdf , page21 used on input line 84.
(pdftex.def)             Requested size: 364.3718pt x 227.73236pt.
File: knn/1nn.pdf Graphic file (type pdf)
<use knn/1nn.pdf, page 21>
Package pdftex.def Info: knn/1nn.pdf , page21 used on input line 84.
(pdftex.def)             Requested size: 364.3718pt x 227.73236pt.
File: knn/1nn.pdf Graphic file (type pdf)
<use knn/1nn.pdf, page 21>
Package pdftex.def Info: knn/1nn.pdf , page21 used on input line 84.
(pdftex.def)             Requested size: 364.3718pt x 227.73236pt.
 [28 <./knn/1nn.pdf>]
<knn/1nn.pdf, id=349, page=22, 653.3208pt x 408.32549pt>
File: knn/1nn.pdf Graphic file (type pdf)
<use knn/1nn.pdf, page 22>
Package pdftex.def Info: knn/1nn.pdf , page22 used on input line 84.
(pdftex.def)             Requested size: 364.3718pt x 227.73236pt.
File: knn/1nn.pdf Graphic file (type pdf)
<use knn/1nn.pdf, page 22>
Package pdftex.def Info: knn/1nn.pdf , page22 used on input line 84.
(pdftex.def)             Requested size: 364.3718pt x 227.73236pt.
File: knn/1nn.pdf Graphic file (type pdf)
<use knn/1nn.pdf, page 22>
Package pdftex.def Info: knn/1nn.pdf , page22 used on input line 84.
(pdftex.def)             Requested size: 364.3718pt x 227.73236pt.

[29 <./knn/1nn.pdf>]
<knn/1nn.pdf, id=358, page=23, 653.3208pt x 408.32549pt>
File: knn/1nn.pdf Graphic file (type pdf)
<use knn/1nn.pdf, page 23>
Package pdftex.def Info: knn/1nn.pdf , page23 used on input line 84.
(pdftex.def)             Requested size: 364.3718pt x 227.73236pt.
File: knn/1nn.pdf Graphic file (type pdf)
<use knn/1nn.pdf, page 23>
Package pdftex.def Info: knn/1nn.pdf , page23 used on input line 84.
(pdftex.def)             Requested size: 364.3718pt x 227.73236pt.
File: knn/1nn.pdf Graphic file (type pdf)
<use knn/1nn.pdf, page 23>
Package pdftex.def Info: knn/1nn.pdf , page23 used on input line 84.
(pdftex.def)             Requested size: 364.3718pt x 227.73236pt.
 [30 <./knn/1nn.pdf>]
<knn/1nn.pdf, id=367, page=24, 653.3208pt x 408.32549pt>
File: knn/1nn.pdf Graphic file (type pdf)
<use knn/1nn.pdf, page 24>
Package pdftex.def Info: knn/1nn.pdf , page24 used on input line 84.
(pdftex.def)             Requested size: 364.3718pt x 227.73236pt.
File: knn/1nn.pdf Graphic file (type pdf)
<use knn/1nn.pdf, page 24>
Package pdftex.def Info: knn/1nn.pdf , page24 used on input line 84.
(pdftex.def)             Requested size: 364.3718pt x 227.73236pt.
File: knn/1nn.pdf Graphic file (type pdf)
<use knn/1nn.pdf, page 24>
Package pdftex.def Info: knn/1nn.pdf , page24 used on input line 84.
(pdftex.def)             Requested size: 364.3718pt x 227.73236pt.
 [31 <./knn/1nn.pdf>]
<knn/1nn.pdf, id=377, page=25, 653.3208pt x 408.32549pt>
File: knn/1nn.pdf Graphic file (type pdf)
<use knn/1nn.pdf, page 25>
Package pdftex.def Info: knn/1nn.pdf , page25 used on input line 84.
(pdftex.def)             Requested size: 364.3718pt x 227.73236pt.
File: knn/1nn.pdf Graphic file (type pdf)
<use knn/1nn.pdf, page 25>
Package pdftex.def Info: knn/1nn.pdf , page25 used on input line 84.
(pdftex.def)             Requested size: 364.3718pt x 227.73236pt.
File: knn/1nn.pdf Graphic file (type pdf)
<use knn/1nn.pdf, page 25>
Package pdftex.def Info: knn/1nn.pdf , page25 used on input line 84.
(pdftex.def)             Requested size: 364.3718pt x 227.73236pt.
 [32 <./knn/1nn.pdf>]
LaTeX Font Info:    Trying to load font information for U+msa on input line 99.

 (c:/texlive/2020/texmf-dist/tex/latex/amsfonts/umsa.fd
File: umsa.fd 2013/01/14 v3.01 AMS symbols A
)
LaTeX Font Info:    Trying to load font information for U+msb on input line 99.


(c:/texlive/2020/texmf-dist/tex/latex/amsfonts/umsb.fd
File: umsb.fd 2013/01/14 v3.01 AMS symbols B
)
LaTeX Font Info:    Trying to load font information for OT1+mathkerncmss on inp
ut line 99.

(c:/texlive/2020/texmf-dist/tex/latex/sansmathaccent/ot1mathkerncmss.fd
File: ot1mathkerncmss.fd 2020/01/31 Fontinst v1.933 font definitions for OT1/ma
thkerncmss.
)
Underfull \hbox (badness 2020) in paragraph at lines 99--99
[]|\OT1/cmss/m/n/10.95 Number of pa-ram-e-
 []


Underfull \hbox (badness 6792) in paragraph at lines 99--99
\OT1/cmss/m/n/10.95 ters is fixed w.r.t
 []


Underfull \hbox (badness 2020) in paragraph at lines 99--99
[]|\OT1/cmss/m/n/10.95 Number of pa-ram-e-
 []


Underfull \hbox (badness 10000) in paragraph at lines 99--99
[]|\OT1/cmss/m/n/10.95 Strong As-sump-tions
 []

[33]
Underfull \hbox (badness 10000) in paragraph at lines 118--118
[]|\OT1/cmss/m/n/10.95 Quick (as only
 []


Underfull \hbox (badness 10000) in paragraph at lines 118--118
\OT1/cmss/m/n/10.95 ``pa-ram-e-ters'' are
 []


Underfull \hbox (badness 10000) in paragraph at lines 118--118
[]|\OT1/cmss/m/n/10.95 Store/Memorise
 []


Underfull \hbox (badness 10000) in paragraph at lines 118--118
[]|\OT1/cmss/m/n/10.95 Linear Re-gres-sion,
 []

[34

]
LaTeX Font Info:    Trying to load font information for TS1+cmss on input line 
128.
 (c:/texlive/2020/texmf-dist/tex/latex/base/ts1cmss.fd
File: ts1cmss.fd 2019/12/16 v2.5j Standard LaTeX font definitions
) [35

] [36

] [37

]
[38

] [39

] [40

]
<knn/knn_ed.png, id=430, 204.88545pt x 166.9437pt>
File: knn/knn_ed.png Graphic file (type png)
<use knn/knn_ed.png>
Package pdftex.def Info: knn/knn_ed.png  used on input line 147.
(pdftex.def)             Requested size: 180.58424pt x 147.13948pt.

Overfull \vbox (2.0775pt too high) detected at line 147
 []

[41

 <./knn/knn_ed.png>]
<knn/knn_hd.png, id=438, 1204.5pt x 950.55125pt>
File: knn/knn_hd.png Graphic file (type png)
<use knn/knn_hd.png>
Package pdftex.def Info: knn/knn_hd.png  used on input line 147.
(pdftex.def)             Requested size: 186.43826pt x 147.13948pt.

Overfull \vbox (2.0775pt too high) detected at line 147
 []

[42

 <./knn/knn_hd.png>]
<knn/knn_md.png, id=445, 1204.5pt x 1204.5pt>
File: knn/knn_md.png Graphic file (type png)
<use knn/knn_md.png>
Package pdftex.def Info: knn/knn_md.png  used on input line 147.
(pdftex.def)             Requested size: 147.12523pt x 147.13948pt.

Overfull \vbox (2.0775pt too high) detected at line 147
 []

[43

 <./knn/knn_md.png>] Excluding 'comment' comment.

LaTeX Font Warning: Font shape `OT1/cmss/bx/it' undefined
(Font)              using `OT1/cmss/bx/n' instead on input line 207.

[44

] [45

] [46

]
<knn/iris_knn_data.pdf, id=469, 377.64214pt x 263.16693pt>
File: knn/iris_knn_data.pdf Graphic file (type pdf)
<use knn/iris_knn_data.pdf>
Package pdftex.def Info: knn/iris_knn_data.pdf  used on input line 217.
(pdftex.def)             Requested size: 154.33295pt x 107.55098pt.

Overfull \hbox (0.68802pt too wide) in paragraph at lines 217--217
[][]  
 []

<knn/exp_knn_1.pdf, id=470, 386.04854pt x 263.16693pt>
File: knn/exp_knn_1.pdf Graphic file (type pdf)
<use knn/exp_knn_1.pdf>
Package pdftex.def Info: knn/exp_knn_1.pdf  used on input line 217.
(pdftex.def)             Requested size: 157.76843pt x 107.55098pt.

Overfull \hbox (4.1235pt too wide) in paragraph at lines 217--217
[][]  
 []

[47

 <./knn/iris_knn_data.pdf> <./knn/exp_knn_1.pdf

pdfTeX warning: pdflatex.exe (file ./knn/exp_knn_1.pdf): PDF inclusion: multipl
e pdfs with page group included in a single page
>]
<knn/exp_knn_3.pdf, id=509, 386.04854pt x 263.16693pt>
File: knn/exp_knn_3.pdf Graphic file (type pdf)
<use knn/exp_knn_3.pdf>
Package pdftex.def Info: knn/exp_knn_3.pdf  used on input line 217.
(pdftex.def)             Requested size: 157.76843pt x 107.55098pt.

Overfull \hbox (4.1235pt too wide) in paragraph at lines 217--217
[][]  
 []

<knn/exp_knn_9.pdf, id=510, 386.04854pt x 263.16693pt>
File: knn/exp_knn_9.pdf Graphic file (type pdf)
<use knn/exp_knn_9.pdf>
Package pdftex.def Info: knn/exp_knn_9.pdf  used on input line 217.
(pdftex.def)             Requested size: 157.76843pt x 107.55098pt.

Overfull \hbox (4.1235pt too wide) in paragraph at lines 217--217
[][]  
 []

[48

 <./knn/exp_knn_3.pdf> <./knn/exp_knn_9.pdf

pdfTeX warning: pdflatex.exe (file ./knn/exp_knn_9.pdf): PDF inclusion: multipl
e pdfs with page group included in a single page
>] Excluding 'comment' comment. [49

] [50

] [51

] [52

] [53

]
<knn/curse_dist.pdf, id=578, 387.22481pt x 263.16693pt>
File: knn/curse_dist.pdf Graphic file (type pdf)
<use knn/curse_dist.pdf>
Package pdftex.def Info: knn/curse_dist.pdf  used on input line 293.
(pdftex.def)             Requested size: 216.50761pt x 147.13948pt.
 [54

 <./knn/curse_dist.pdf>]
File: knn/curse_dist.pdf Graphic file (type pdf)
<use knn/curse_dist.pdf>
Package pdftex.def Info: knn/curse_dist.pdf  used on input line 293.
(pdftex.def)             Requested size: 216.50761pt x 147.13948pt.
 [55

]
<knn/curse_spread.pdf, id=627, 389.3264pt x 263.16693pt>
File: knn/curse_spread.pdf Graphic file (type pdf)
<use knn/curse_spread.pdf>
Package pdftex.def Info: knn/curse_spread.pdf  used on input line 303.
(pdftex.def)             Requested size: 217.68268pt x 147.13948pt.

Overfull \vbox (11.71742pt too high) detected at line 303
 []

[56

 <./knn/curse_spread.pdf>] [57

]
<knn/big.pdf, id=671, 386.04854pt x 263.16693pt>
File: knn/big.pdf Graphic file (type pdf)
<use knn/big.pdf>
Package pdftex.def Info: knn/big.pdf  used on input line 335.
(pdftex.def)             Requested size: 184.3758pt x 125.68422pt.

Overfull \vbox (2.8486pt too high) detected at line 335
 []

[58

 <./knn/big.pdf>] [59

] [60

] [61

] [62

] [63

]

pdfTeX warning: pdflatex.exe (file ./knn/lsh.pdf): PDF inclusion: found PDF ver
sion <1.7>, but at most version <1.5> allowed
<knn/lsh.pdf, id=718, 844.41792pt x 277.66896pt>
File: knn/lsh.pdf Graphic file (type pdf)
<use knn/lsh.pdf>
Package pdftex.def Info: knn/lsh.pdf  used on input line 350.
(pdftex.def)             Requested size: 245.83282pt x 80.83545pt.
[64

 <./knn/lsh.pdf>]
File: knn/lsh.pdf Graphic file (type pdf)
<use knn/lsh.pdf>
Package pdftex.def Info: knn/lsh.pdf  used on input line 350.
(pdftex.def)             Requested size: 245.83282pt x 80.83545pt.
 [65

]
File: knn/lsh.pdf Graphic file (type pdf)
<use knn/lsh.pdf>
Package pdftex.def Info: knn/lsh.pdf  used on input line 350.
(pdftex.def)             Requested size: 245.83282pt x 80.83545pt.

Overfull \vbox (8.26544pt too high) detected at line 350
 []

[66

]
\tf@nav=\write9
\openout9 = `knn.nav'.

\tf@toc=\write10
\openout10 = `knn.toc'.

\tf@snm=\write11
\openout11 = `knn.snm'.

Package atveryend Info: Empty hook `BeforeClearDocument' on input line 351.
Package atveryend Info: Empty hook `AfterLastShipout' on input line 351.
 (./knn.aux)
Package atveryend Info: Executing hook `AtVeryEndDocument' on input line 351.
Package atveryend Info: Executing hook `AtEndAfterFileList' on input line 351.
Package rerunfilecheck Info: File `knn.out' has not changed.
(rerunfilecheck)             Checksum: D41D8CD98F00B204E9800998ECF8427E;0.


LaTeX Font Warning: Some font shapes were not available, defaults substituted.

 ) 
Here is how much of TeX's memory you used:
 26750 strings out of 480471
 542684 string characters out of 5903300
 784304 words of memory out of 5000000
 42037 multiletter control sequences out of 15000+600000
 545066 words of font info for 69 fonts, out of 8000000 for 9000
 1141 hyphenation exceptions out of 8191
 58i,18n,88p,1835b,715s stack positions out of 5000i,500n,10000p,200000b,80000s
{c:/texlive/2020/texmf-dist/fonts/enc/dvips/cm-super/cm-super-ts1.enc}<c:/tex
live/2020/texmf-dist/fonts/type1/public/amsfonts/cm/cmmi10.pfb><c:/texlive/2020
/texmf-dist/fonts/type1/public/amsfonts/cm/cmss10.pfb><c:/texlive/2020/texmf-di
st/fonts/type1/public/amsfonts/cm/cmss8.pfb><c:/texlive/2020/texmf-dist/fonts/t
ype1/public/amsfonts/cm/cmssbx10.pfb><c:/texlive/2020/texmf-dist/fonts/type1/pu
blic/amsfonts/cm/cmssi10.pfb><c:/texlive/2020/texmf-dist/fonts/type1/public/ams
fonts/cm/cmsy10.pfb><c:/texlive/2020/texmf-dist/fonts/type1/public/amsfonts/cm/
cmsy7.pfb><c:/texlive/2020/texmf-dist/fonts/type1/public/cm-super/sfss1095.pfb>

Output written on knn.pdf (66 pages, 2190894 bytes).
PDF statistics:
 797 PDF objects out of 1000 (max. 8388607)
 500 compressed objects within 5 object streams
 133 named destinations out of 1000 (max. 500000)
 283 words of extra memory for PDF output out of 10000 (max. 10000000)

