This is pdfTeX, Version 3.14159265-2.6-1.40.21 (TeX Live 2020/W32TeX) (preloaded format=pdflatex 2020.6.24)  8 JAN 2021 08:54
entering extended mode
 restricted \write18 enabled.
 %&-line parsing enabled.
**bo.tex
(./bo.tex
LaTeX2e <2020-02-02> patch level 5
L3 programming layer <2020-06-18>
(c:/texlive/2020/texmf-dist/tex/latex/beamer/beamer.cls
Document Class: beamer 2020/05/06 v3.58 A class for typesetting presentations
(c:/texlive/2020/texmf-dist/tex/latex/beamer/beamerbasemodes.sty
(c:/texlive/2020/texmf-dist/tex/latex/etoolbox/etoolbox.sty
Package: etoolbox 2019/09/21 v2.5h e-TeX tools for LaTeX (JAW)
\etb@tempcnta=\count167
)
\beamer@tempbox=\box45
\beamer@tempcount=\count168
\c@beamerpauses=\count169

(c:/texlive/2020/texmf-dist/tex/latex/beamer/beamerbasedecode.sty
\beamer@slideinframe=\count170
\beamer@minimum=\count171
\beamer@decode@box=\box46
)
\beamer@commentbox=\box47
\beamer@modecount=\count172
)
(c:/texlive/2020/texmf-dist/tex/generic/iftex/ifpdf.sty
Package: ifpdf 2019/10/25 v3.4 ifpdf legacy package. Use iftex instead.

(c:/texlive/2020/texmf-dist/tex/generic/iftex/iftex.sty
Package: iftex 2020/03/06 v1.0d TeX engine tests
))
\headdp=\dimen134
\footheight=\dimen135
\sidebarheight=\dimen136
\beamer@tempdim=\dimen137
\beamer@finalheight=\dimen138
\beamer@animht=\dimen139
\beamer@animdp=\dimen140
\beamer@animwd=\dimen141
\beamer@leftmargin=\dimen142
\beamer@rightmargin=\dimen143
\beamer@leftsidebar=\dimen144
\beamer@rightsidebar=\dimen145
\beamer@boxsize=\dimen146
\beamer@vboxoffset=\dimen147
\beamer@descdefault=\dimen148
\beamer@descriptionwidth=\dimen149
\beamer@lastskip=\skip47
\beamer@areabox=\box48
\beamer@animcurrent=\box49
\beamer@animshowbox=\box50
\beamer@sectionbox=\box51
\beamer@logobox=\box52
\beamer@linebox=\box53
\beamer@sectioncount=\count173
\beamer@subsubsectionmax=\count174
\beamer@subsectionmax=\count175
\beamer@sectionmax=\count176
\beamer@totalheads=\count177
\beamer@headcounter=\count178
\beamer@partstartpage=\count179
\beamer@sectionstartpage=\count180
\beamer@subsectionstartpage=\count181
\beamer@animationtempa=\count182
\beamer@animationtempb=\count183
\beamer@xpos=\count184
\beamer@ypos=\count185
\beamer@ypos@offset=\count186
\beamer@showpartnumber=\count187
\beamer@currentsubsection=\count188
\beamer@coveringdepth=\count189
\beamer@sectionadjust=\count190
\beamer@tocsectionnumber=\count191

(c:/texlive/2020/texmf-dist/tex/latex/beamer/beamerbaseoptions.sty
(c:/texlive/2020/texmf-dist/tex/latex/graphics/keyval.sty
Package: keyval 2014/10/28 v1.15 key=value parser (DPC)
\KV@toks@=\toks15
))
\beamer@paperwidth=\skip48
\beamer@paperheight=\skip49

(c:/texlive/2020/texmf-dist/tex/latex/geometry/geometry.sty
Package: geometry 2020/01/02 v5.9 Page Geometry

(c:/texlive/2020/texmf-dist/tex/generic/iftex/ifvtex.sty
Package: ifvtex 2019/10/25 v1.7 ifvtex legacy package. Use iftex instead.
)
\Gm@cnth=\count192
\Gm@cntv=\count193
\c@Gm@tempcnt=\count194
\Gm@bindingoffset=\dimen150
\Gm@wd@mp=\dimen151
\Gm@odd@mp=\dimen152
\Gm@even@mp=\dimen153
\Gm@layoutwidth=\dimen154
\Gm@layoutheight=\dimen155
\Gm@layouthoffset=\dimen156
\Gm@layoutvoffset=\dimen157
\Gm@dimlist=\toks16
)
(c:/texlive/2020/texmf-dist/tex/latex/base/size11.clo
File: size11.clo 2019/12/20 v1.4l Standard LaTeX file (size option)
)
(c:/texlive/2020/texmf-dist/tex/latex/pgf/basiclayer/pgfcore.sty
(c:/texlive/2020/texmf-dist/tex/latex/graphics/graphicx.sty
Package: graphicx 2019/11/30 v1.2a Enhanced LaTeX Graphics (DPC,SPQR)

(c:/texlive/2020/texmf-dist/tex/latex/graphics/graphics.sty
Package: graphics 2019/11/30 v1.4a Standard LaTeX Graphics (DPC,SPQR)

(c:/texlive/2020/texmf-dist/tex/latex/graphics/trig.sty
Package: trig 2016/01/03 v1.10 sin cos tan (DPC)
)
(c:/texlive/2020/texmf-dist/tex/latex/graphics-cfg/graphics.cfg
File: graphics.cfg 2016/06/04 v1.11 sample graphics configuration
)
Package graphics Info: Driver file: pdftex.def on input line 105.

(c:/texlive/2020/texmf-dist/tex/latex/graphics-def/pdftex.def
File: pdftex.def 2018/01/08 v1.0l Graphics/color driver for pdftex
))
\Gin@req@height=\dimen158
\Gin@req@width=\dimen159
)
(c:/texlive/2020/texmf-dist/tex/latex/pgf/systemlayer/pgfsys.sty
(c:/texlive/2020/texmf-dist/tex/latex/pgf/utilities/pgfrcs.sty
(c:/texlive/2020/texmf-dist/tex/generic/pgf/utilities/pgfutil-common.tex
\pgfutil@everybye=\toks17
\pgfutil@tempdima=\dimen160
\pgfutil@tempdimb=\dimen161

(c:/texlive/2020/texmf-dist/tex/generic/pgf/utilities/pgfutil-common-lists.tex)
) (c:/texlive/2020/texmf-dist/tex/generic/pgf/utilities/pgfutil-latex.def
\pgfutil@abb=\box54

(c:/texlive/2020/texmf-dist/tex/latex/ms/everyshi.sty
Package: everyshi 2001/05/15 v3.00 EveryShipout Package (MS)
))
(c:/texlive/2020/texmf-dist/tex/generic/pgf/utilities/pgfrcs.code.tex
(c:/texlive/2020/texmf-dist/tex/generic/pgf/pgf.revision.tex)
Package: pgfrcs 2020/01/08 v3.1.5b (3.1.5b)
))
(c:/texlive/2020/texmf-dist/tex/generic/pgf/systemlayer/pgfsys.code.tex
Package: pgfsys 2020/01/08 v3.1.5b (3.1.5b)

(c:/texlive/2020/texmf-dist/tex/generic/pgf/utilities/pgfkeys.code.tex
\pgfkeys@pathtoks=\toks18
\pgfkeys@temptoks=\toks19

(c:/texlive/2020/texmf-dist/tex/generic/pgf/utilities/pgfkeysfiltered.code.tex
\pgfkeys@tmptoks=\toks20
))
\pgf@x=\dimen162
\pgf@y=\dimen163
\pgf@xa=\dimen164
\pgf@ya=\dimen165
\pgf@xb=\dimen166
\pgf@yb=\dimen167
\pgf@xc=\dimen168
\pgf@yc=\dimen169
\pgf@xd=\dimen170
\pgf@yd=\dimen171
\w@pgf@writea=\write3
\r@pgf@reada=\read2
\c@pgf@counta=\count195
\c@pgf@countb=\count196
\c@pgf@countc=\count197
\c@pgf@countd=\count198
\t@pgf@toka=\toks21
\t@pgf@tokb=\toks22
\t@pgf@tokc=\toks23
\pgf@sys@id@count=\count199
 (c:/texlive/2020/texmf-dist/tex/generic/pgf/systemlayer/pgf.cfg
File: pgf.cfg 2020/01/08 v3.1.5b (3.1.5b)
)
Driver file for pgf: pgfsys-pdftex.def

(c:/texlive/2020/texmf-dist/tex/generic/pgf/systemlayer/pgfsys-pdftex.def
File: pgfsys-pdftex.def 2020/01/08 v3.1.5b (3.1.5b)

(c:/texlive/2020/texmf-dist/tex/generic/pgf/systemlayer/pgfsys-common-pdf.def
File: pgfsys-common-pdf.def 2020/01/08 v3.1.5b (3.1.5b)
)))
(c:/texlive/2020/texmf-dist/tex/generic/pgf/systemlayer/pgfsyssoftpath.code.tex
File: pgfsyssoftpath.code.tex 2020/01/08 v3.1.5b (3.1.5b)
\pgfsyssoftpath@smallbuffer@items=\count266
\pgfsyssoftpath@bigbuffer@items=\count267
)
(c:/texlive/2020/texmf-dist/tex/generic/pgf/systemlayer/pgfsysprotocol.code.tex
File: pgfsysprotocol.code.tex 2020/01/08 v3.1.5b (3.1.5b)
)) (c:/texlive/2020/texmf-dist/tex/latex/xcolor/xcolor.sty
Package: xcolor 2016/05/11 v2.12 LaTeX color extensions (UK)

(c:/texlive/2020/texmf-dist/tex/latex/graphics-cfg/color.cfg
File: color.cfg 2016/01/02 v1.6 sample color configuration
)
Package xcolor Info: Driver file: pdftex.def on input line 225.
Package xcolor Info: Model `cmy' substituted by `cmy0' on input line 1348.
Package xcolor Info: Model `hsb' substituted by `rgb' on input line 1352.
Package xcolor Info: Model `RGB' extended on input line 1364.
Package xcolor Info: Model `HTML' substituted by `rgb' on input line 1366.
Package xcolor Info: Model `Hsb' substituted by `hsb' on input line 1367.
Package xcolor Info: Model `tHsb' substituted by `hsb' on input line 1368.
Package xcolor Info: Model `HSB' substituted by `hsb' on input line 1369.
Package xcolor Info: Model `Gray' substituted by `gray' on input line 1370.
Package xcolor Info: Model `wave' substituted by `hsb' on input line 1371.
)
(c:/texlive/2020/texmf-dist/tex/generic/pgf/basiclayer/pgfcore.code.tex
Package: pgfcore 2020/01/08 v3.1.5b (3.1.5b)

(c:/texlive/2020/texmf-dist/tex/generic/pgf/math/pgfmath.code.tex
(c:/texlive/2020/texmf-dist/tex/generic/pgf/math/pgfmathcalc.code.tex
(c:/texlive/2020/texmf-dist/tex/generic/pgf/math/pgfmathutil.code.tex)
(c:/texlive/2020/texmf-dist/tex/generic/pgf/math/pgfmathparser.code.tex
\pgfmath@dimen=\dimen172
\pgfmath@count=\count268
\pgfmath@box=\box55
\pgfmath@toks=\toks24
\pgfmath@stack@operand=\toks25
\pgfmath@stack@operation=\toks26
)
(c:/texlive/2020/texmf-dist/tex/generic/pgf/math/pgfmathfunctions.code.tex
(c:/texlive/2020/texmf-dist/tex/generic/pgf/math/pgfmathfunctions.basic.code.te
x)
(c:/texlive/2020/texmf-dist/tex/generic/pgf/math/pgfmathfunctions.trigonometric
.code.tex)
(c:/texlive/2020/texmf-dist/tex/generic/pgf/math/pgfmathfunctions.random.code.t
ex)
(c:/texlive/2020/texmf-dist/tex/generic/pgf/math/pgfmathfunctions.comparison.co
de.tex)
(c:/texlive/2020/texmf-dist/tex/generic/pgf/math/pgfmathfunctions.base.code.tex
)
(c:/texlive/2020/texmf-dist/tex/generic/pgf/math/pgfmathfunctions.round.code.te
x)
(c:/texlive/2020/texmf-dist/tex/generic/pgf/math/pgfmathfunctions.misc.code.tex
)
(c:/texlive/2020/texmf-dist/tex/generic/pgf/math/pgfmathfunctions.integerarithm
etics.code.tex)))
(c:/texlive/2020/texmf-dist/tex/generic/pgf/math/pgfmathfloat.code.tex
\c@pgfmathroundto@lastzeros=\count269
))
(c:/texlive/2020/texmf-dist/tex/generic/pgf/math/pgfint.code.tex)
(c:/texlive/2020/texmf-dist/tex/generic/pgf/basiclayer/pgfcorepoints.code.tex
File: pgfcorepoints.code.tex 2020/01/08 v3.1.5b (3.1.5b)
\pgf@picminx=\dimen173
\pgf@picmaxx=\dimen174
\pgf@picminy=\dimen175
\pgf@picmaxy=\dimen176
\pgf@pathminx=\dimen177
\pgf@pathmaxx=\dimen178
\pgf@pathminy=\dimen179
\pgf@pathmaxy=\dimen180
\pgf@xx=\dimen181
\pgf@xy=\dimen182
\pgf@yx=\dimen183
\pgf@yy=\dimen184
\pgf@zx=\dimen185
\pgf@zy=\dimen186
)
(c:/texlive/2020/texmf-dist/tex/generic/pgf/basiclayer/pgfcorepathconstruct.cod
e.tex
File: pgfcorepathconstruct.code.tex 2020/01/08 v3.1.5b (3.1.5b)
\pgf@path@lastx=\dimen187
\pgf@path@lasty=\dimen188
)
(c:/texlive/2020/texmf-dist/tex/generic/pgf/basiclayer/pgfcorepathusage.code.te
x
File: pgfcorepathusage.code.tex 2020/01/08 v3.1.5b (3.1.5b)
\pgf@shorten@end@additional=\dimen189
\pgf@shorten@start@additional=\dimen190
)
(c:/texlive/2020/texmf-dist/tex/generic/pgf/basiclayer/pgfcorescopes.code.tex
File: pgfcorescopes.code.tex 2020/01/08 v3.1.5b (3.1.5b)
\pgfpic=\box56
\pgf@hbox=\box57
\pgf@layerbox@main=\box58
\pgf@picture@serial@count=\count270
)
(c:/texlive/2020/texmf-dist/tex/generic/pgf/basiclayer/pgfcoregraphicstate.code
.tex
File: pgfcoregraphicstate.code.tex 2020/01/08 v3.1.5b (3.1.5b)
\pgflinewidth=\dimen191
)
(c:/texlive/2020/texmf-dist/tex/generic/pgf/basiclayer/pgfcoretransformations.c
ode.tex
File: pgfcoretransformations.code.tex 2020/01/08 v3.1.5b (3.1.5b)
\pgf@pt@x=\dimen192
\pgf@pt@y=\dimen193
\pgf@pt@temp=\dimen194
)
(c:/texlive/2020/texmf-dist/tex/generic/pgf/basiclayer/pgfcorequick.code.tex
File: pgfcorequick.code.tex 2020/01/08 v3.1.5b (3.1.5b)
)
(c:/texlive/2020/texmf-dist/tex/generic/pgf/basiclayer/pgfcoreobjects.code.tex
File: pgfcoreobjects.code.tex 2020/01/08 v3.1.5b (3.1.5b)
)
(c:/texlive/2020/texmf-dist/tex/generic/pgf/basiclayer/pgfcorepathprocessing.co
de.tex
File: pgfcorepathprocessing.code.tex 2020/01/08 v3.1.5b (3.1.5b)
)
(c:/texlive/2020/texmf-dist/tex/generic/pgf/basiclayer/pgfcorearrows.code.tex
File: pgfcorearrows.code.tex 2020/01/08 v3.1.5b (3.1.5b)
\pgfarrowsep=\dimen195
)
(c:/texlive/2020/texmf-dist/tex/generic/pgf/basiclayer/pgfcoreshade.code.tex
File: pgfcoreshade.code.tex 2020/01/08 v3.1.5b (3.1.5b)
\pgf@max=\dimen196
\pgf@sys@shading@range@num=\count271
\pgf@shadingcount=\count272
)
(c:/texlive/2020/texmf-dist/tex/generic/pgf/basiclayer/pgfcoreimage.code.tex
File: pgfcoreimage.code.tex 2020/01/08 v3.1.5b (3.1.5b)

(c:/texlive/2020/texmf-dist/tex/generic/pgf/basiclayer/pgfcoreexternal.code.tex
File: pgfcoreexternal.code.tex 2020/01/08 v3.1.5b (3.1.5b)
\pgfexternal@startupbox=\box59
))
(c:/texlive/2020/texmf-dist/tex/generic/pgf/basiclayer/pgfcorelayers.code.tex
File: pgfcorelayers.code.tex 2020/01/08 v3.1.5b (3.1.5b)
)
(c:/texlive/2020/texmf-dist/tex/generic/pgf/basiclayer/pgfcoretransparency.code
.tex
File: pgfcoretransparency.code.tex 2020/01/08 v3.1.5b (3.1.5b)
)
(c:/texlive/2020/texmf-dist/tex/generic/pgf/basiclayer/pgfcorepatterns.code.tex
File: pgfcorepatterns.code.tex 2020/01/08 v3.1.5b (3.1.5b)
) (c:/texlive/2020/texmf-dist/tex/generic/pgf/basiclayer/pgfcorerdf.code.tex
File: pgfcorerdf.code.tex 2020/01/08 v3.1.5b (3.1.5b)
))) (c:/texlive/2020/texmf-dist/tex/latex/pgf/utilities/xxcolor.sty
Package: xxcolor 2003/10/24 ver 0.1
\XC@nummixins=\count273
\XC@countmixins=\count274
)
(c:/texlive/2020/texmf-dist/tex/generic/atbegshi/atbegshi.sty
Package: atbegshi 2019/12/05 v1.19 At begin shipout hook (HO)

(c:/texlive/2020/texmf-dist/tex/generic/infwarerr/infwarerr.sty
Package: infwarerr 2019/12/03 v1.5 Providing info/warning/error messages (HO)
)
(c:/texlive/2020/texmf-dist/tex/generic/ltxcmds/ltxcmds.sty
Package: ltxcmds 2019/12/15 v1.24 LaTeX kernel commands for general use (HO)
))
(c:/texlive/2020/texmf-dist/tex/latex/hyperref/hyperref.sty
Package: hyperref 2020-05-15 v7.00e Hypertext links for LaTeX

(c:/texlive/2020/texmf-dist/tex/latex/pdftexcmds/pdftexcmds.sty
Package: pdftexcmds 2020-06-04 v0.32 Utility functions of pdfTeX for LuaTeX (HO
)
Package pdftexcmds Info: \pdf@primitive is available.
Package pdftexcmds Info: \pdf@ifprimitive is available.
Package pdftexcmds Info: \pdfdraftmode found.
)
(c:/texlive/2020/texmf-dist/tex/generic/kvsetkeys/kvsetkeys.sty
Package: kvsetkeys 2019/12/15 v1.18 Key value parser (HO)
)
(c:/texlive/2020/texmf-dist/tex/generic/kvdefinekeys/kvdefinekeys.sty
Package: kvdefinekeys 2019-12-19 v1.6 Define keys (HO)
)
(c:/texlive/2020/texmf-dist/tex/generic/pdfescape/pdfescape.sty
Package: pdfescape 2019/12/09 v1.15 Implements pdfTeX's escape features (HO)
)
(c:/texlive/2020/texmf-dist/tex/latex/hycolor/hycolor.sty
Package: hycolor 2020-01-27 v1.10 Color options for hyperref/bookmark (HO)
)
(c:/texlive/2020/texmf-dist/tex/latex/letltxmacro/letltxmacro.sty
Package: letltxmacro 2019/12/03 v1.6 Let assignment for LaTeX macros (HO)
)
(c:/texlive/2020/texmf-dist/tex/latex/auxhook/auxhook.sty
Package: auxhook 2019-12-17 v1.6 Hooks for auxiliary files (HO)
)
(c:/texlive/2020/texmf-dist/tex/latex/kvoptions/kvoptions.sty
Package: kvoptions 2019/11/29 v3.13 Key value format for package options (HO)
)
\@linkdim=\dimen197
\Hy@linkcounter=\count275
\Hy@pagecounter=\count276

(c:/texlive/2020/texmf-dist/tex/latex/hyperref/pd1enc.def
File: pd1enc.def 2020-05-15 v7.00e Hyperref: PDFDocEncoding definition (HO)
Now handling font encoding PD1 ...
... no UTF-8 mapping file for font encoding PD1
)
(c:/texlive/2020/texmf-dist/tex/generic/intcalc/intcalc.sty
Package: intcalc 2019/12/15 v1.3 Expandable calculations with integers (HO)
)
(c:/texlive/2020/texmf-dist/tex/generic/etexcmds/etexcmds.sty
Package: etexcmds 2019/12/15 v1.7 Avoid name clashes with e-TeX commands (HO)
)
\Hy@SavedSpaceFactor=\count277
Package hyperref Info: Option `bookmarks' set `true' on input line 4338.
Package hyperref Info: Option `bookmarksopen' set `true' on input line 4338.
Package hyperref Info: Option `implicit' set `false' on input line 4338.
Package hyperref Info: Hyper figures OFF on input line 4464.
Package hyperref Info: Link nesting OFF on input line 4469.
Package hyperref Info: Hyper index ON on input line 4472.
Package hyperref Info: Plain pages OFF on input line 4479.
Package hyperref Info: Backreferencing OFF on input line 4484.
Package hyperref Info: Implicit mode OFF; no redefinition of LaTeX internals.
Package hyperref Info: Bookmarks ON on input line 4717.
\c@Hy@tempcnt=\count278

(c:/texlive/2020/texmf-dist/tex/latex/url/url.sty
\Urlmuskip=\muskip16
Package: url 2013/09/16  ver 3.4  Verb mode for urls, etc.
)
LaTeX Info: Redefining \url on input line 5076.
\XeTeXLinkMargin=\dimen198

(c:/texlive/2020/texmf-dist/tex/generic/bitset/bitset.sty
Package: bitset 2019/12/09 v1.3 Handle bit-vector datatype (HO)

(c:/texlive/2020/texmf-dist/tex/generic/bigintcalc/bigintcalc.sty
Package: bigintcalc 2019/12/15 v1.5 Expandable calculations on big integers (HO
)
))
\Fld@menulength=\count279
\Field@Width=\dimen199
\Fld@charsize=\dimen256
Package hyperref Info: Hyper figures OFF on input line 6347.
Package hyperref Info: Link nesting OFF on input line 6352.
Package hyperref Info: Hyper index ON on input line 6355.
Package hyperref Info: backreferencing OFF on input line 6362.
Package hyperref Info: Link coloring OFF on input line 6367.
Package hyperref Info: Link coloring with OCG OFF on input line 6372.
Package hyperref Info: PDF/A mode OFF on input line 6377.
LaTeX Info: Redefining \ref on input line 6417.
LaTeX Info: Redefining \pageref on input line 6421.
\Hy@abspage=\count280


Package hyperref Message: Stopped early.

)
Package hyperref Info: Driver (autodetected): hpdftex.
 (c:/texlive/2020/texmf-dist/tex/latex/hyperref/hpdftex.def
File: hpdftex.def 2020-05-15 v7.00e Hyperref driver for pdfTeX

(c:/texlive/2020/texmf-dist/tex/latex/atveryend/atveryend.sty
Package: atveryend 2019-12-11 v1.11 Hooks at the very end of document (HO)
)
\Fld@listcount=\count281
\c@bookmark@seq@number=\count282

(c:/texlive/2020/texmf-dist/tex/latex/rerunfilecheck/rerunfilecheck.sty
Package: rerunfilecheck 2019/12/05 v1.9 Rerun checks for auxiliary files (HO)

(c:/texlive/2020/texmf-dist/tex/generic/uniquecounter/uniquecounter.sty
Package: uniquecounter 2019/12/15 v1.4 Provide unlimited unique counter (HO)
)
Package uniquecounter Info: New unique counter `rerunfilecheck' on input line 2
86.
))
(c:/texlive/2020/texmf-dist/tex/latex/beamer/beamerbaserequires.sty
(c:/texlive/2020/texmf-dist/tex/latex/beamer/beamerbasecompatibility.sty)
(c:/texlive/2020/texmf-dist/tex/latex/beamer/beamerbasefont.sty
(c:/texlive/2020/texmf-dist/tex/latex/amsfonts/amssymb.sty
Package: amssymb 2013/01/14 v3.01 AMS font symbols

(c:/texlive/2020/texmf-dist/tex/latex/amsfonts/amsfonts.sty
Package: amsfonts 2013/01/14 v3.01 Basic AMSFonts support
\@emptytoks=\toks27
\symAMSa=\mathgroup4
\symAMSb=\mathgroup5
LaTeX Font Info:    Redeclaring math symbol \hbar on input line 98.
LaTeX Font Info:    Overwriting math alphabet `\mathfrak' in version `bold'
(Font)                  U/euf/m/n --> U/euf/b/n on input line 106.
))
(c:/texlive/2020/texmf-dist/tex/latex/sansmathaccent/sansmathaccent.sty
Package: sansmathaccent 2020/01/31

(c:/texlive/2020/texmf-dist/tex/latex/koma-script/scrlfile.sty
Package: scrlfile 2020/04/19 v3.30 KOMA-Script package (loading files)
)))
(c:/texlive/2020/texmf-dist/tex/latex/beamer/beamerbasetranslator.sty
(c:/texlive/2020/texmf-dist/tex/latex/translator/translator.sty
Package: translator 2019-05-31 v1.12a Easy translation of strings in LaTeX
))
(c:/texlive/2020/texmf-dist/tex/latex/beamer/beamerbasemisc.sty)
(c:/texlive/2020/texmf-dist/tex/latex/beamer/beamerbasetwoscreens.sty)
(c:/texlive/2020/texmf-dist/tex/latex/beamer/beamerbaseoverlay.sty
\beamer@argscount=\count283
\beamer@lastskipcover=\skip50
\beamer@trivlistdepth=\count284
)
(c:/texlive/2020/texmf-dist/tex/latex/beamer/beamerbasetitle.sty)
(c:/texlive/2020/texmf-dist/tex/latex/beamer/beamerbasesection.sty
\c@lecture=\count285
\c@part=\count286
\c@section=\count287
\c@subsection=\count288
\c@subsubsection=\count289
)
(c:/texlive/2020/texmf-dist/tex/latex/beamer/beamerbaseframe.sty
\beamer@framebox=\box60
\beamer@frametitlebox=\box61
\beamer@zoombox=\box62
\beamer@zoomcount=\count290
\beamer@zoomframecount=\count291
\beamer@frametextheight=\dimen257
\c@subsectionslide=\count292
\beamer@frametopskip=\skip51
\beamer@framebottomskip=\skip52
\beamer@frametopskipautobreak=\skip53
\beamer@framebottomskipautobreak=\skip54
\beamer@envbody=\toks28
\framewidth=\dimen258
\c@framenumber=\count293
)
(c:/texlive/2020/texmf-dist/tex/latex/beamer/beamerbaseverbatim.sty
\beamer@verbatimfileout=\write4
)
(c:/texlive/2020/texmf-dist/tex/latex/beamer/beamerbaseframesize.sty
\beamer@splitbox=\box63
\beamer@autobreakcount=\count294
\beamer@autobreaklastheight=\dimen259
\beamer@frametitletoks=\toks29
\beamer@framesubtitletoks=\toks30
)
(c:/texlive/2020/texmf-dist/tex/latex/beamer/beamerbaseframecomponents.sty
\beamer@footins=\box64
)
(c:/texlive/2020/texmf-dist/tex/latex/beamer/beamerbasecolor.sty)
(c:/texlive/2020/texmf-dist/tex/latex/beamer/beamerbasenotes.sty
\beamer@frameboxcopy=\box65
)
(c:/texlive/2020/texmf-dist/tex/latex/beamer/beamerbasetoc.sty)
(c:/texlive/2020/texmf-dist/tex/latex/beamer/beamerbasetemplates.sty
\beamer@sbttoks=\toks31

(c:/texlive/2020/texmf-dist/tex/latex/beamer/beamerbaseauxtemplates.sty
(c:/texlive/2020/texmf-dist/tex/latex/beamer/beamerbaseboxes.sty
\bmb@box=\box66
\bmb@colorbox=\box67
\bmb@boxshadow=\box68
\bmb@boxshadowball=\box69
\bmb@boxshadowballlarge=\box70
\bmb@temp=\dimen260
\bmb@dima=\dimen261
\bmb@dimb=\dimen262
\bmb@prevheight=\dimen263
)
\beamer@blockheadheight=\dimen264
))
(c:/texlive/2020/texmf-dist/tex/latex/beamer/beamerbaselocalstructure.sty
(c:/texlive/2020/texmf-dist/tex/latex/tools/enumerate.sty
Package: enumerate 2015/07/23 v3.00 enumerate extensions (DPC)
\@enLab=\toks32
)
\c@figure=\count295
\c@table=\count296
\abovecaptionskip=\skip55
\belowcaptionskip=\skip56
)
(c:/texlive/2020/texmf-dist/tex/latex/beamer/beamerbasenavigation.sty
\beamer@section@min@dim=\dimen265
)
(c:/texlive/2020/texmf-dist/tex/latex/beamer/beamerbasetheorems.sty
(c:/texlive/2020/texmf-dist/tex/latex/amsmath/amsmath.sty
Package: amsmath 2020/01/20 v2.17e AMS math features
\@mathmargin=\skip57

For additional information on amsmath, use the `?' option.
(c:/texlive/2020/texmf-dist/tex/latex/amsmath/amstext.sty
Package: amstext 2000/06/29 v2.01 AMS text

(c:/texlive/2020/texmf-dist/tex/latex/amsmath/amsgen.sty
File: amsgen.sty 1999/11/30 v2.0 generic functions
\@emptytoks=\toks33
\ex@=\dimen266
))
(c:/texlive/2020/texmf-dist/tex/latex/amsmath/amsbsy.sty
Package: amsbsy 1999/11/29 v1.2d Bold Symbols
\pmbraise@=\dimen267
)
(c:/texlive/2020/texmf-dist/tex/latex/amsmath/amsopn.sty
Package: amsopn 2016/03/08 v2.02 operator names
)
\inf@bad=\count297
LaTeX Info: Redefining \frac on input line 227.
\uproot@=\count298
\leftroot@=\count299
LaTeX Info: Redefining \overline on input line 389.
\classnum@=\count300
\DOTSCASE@=\count301
LaTeX Info: Redefining \ldots on input line 486.
LaTeX Info: Redefining \dots on input line 489.
LaTeX Info: Redefining \cdots on input line 610.
\Mathstrutbox@=\box71
\strutbox@=\box72
\big@size=\dimen268
LaTeX Font Info:    Redeclaring font encoding OML on input line 733.
LaTeX Font Info:    Redeclaring font encoding OMS on input line 734.
\macc@depth=\count302
\c@MaxMatrixCols=\count303
\dotsspace@=\muskip17
\c@parentequation=\count304
\dspbrk@lvl=\count305
\tag@help=\toks34
\row@=\count306
\column@=\count307
\maxfields@=\count308
\andhelp@=\toks35
\eqnshift@=\dimen269
\alignsep@=\dimen270
\tagshift@=\dimen271
\tagwidth@=\dimen272
\totwidth@=\dimen273
\lineht@=\dimen274
\@envbody=\toks36
\multlinegap=\skip58
\multlinetaggap=\skip59
\mathdisplay@stack=\toks37
LaTeX Info: Redefining \[ on input line 2859.
LaTeX Info: Redefining \] on input line 2860.
)
(c:/texlive/2020/texmf-dist/tex/latex/amscls/amsthm.sty
Package: amsthm 2020/05/29 v2.20.6
\thm@style=\toks38
\thm@bodyfont=\toks39
\thm@headfont=\toks40
\thm@notefont=\toks41
\thm@headpunct=\toks42
\thm@preskip=\skip60
\thm@postskip=\skip61
\thm@headsep=\skip62
\dth@everypar=\toks43
)
\c@theorem=\count309
)
(c:/texlive/2020/texmf-dist/tex/latex/beamer/beamerbasethemes.sty))
(c:/texlive/2020/texmf-dist/tex/latex/beamer/beamerthemedefault.sty
(c:/texlive/2020/texmf-dist/tex/latex/beamer/beamerfontthemedefault.sty)
(c:/texlive/2020/texmf-dist/tex/latex/beamer/beamercolorthemedefault.sty)
(c:/texlive/2020/texmf-dist/tex/latex/beamer/beamerinnerthemedefault.sty
\beamer@dima=\dimen275
\beamer@dimb=\dimen276
)
(c:/texlive/2020/texmf-dist/tex/latex/beamer/beamerouterthemedefault.sty)))
(c:/texlive/2020/texmf-dist/tex/latex/tcolorbox/tcolorbox.sty
Package: tcolorbox 2020/04/28 version 4.30 text color boxes

(c:/texlive/2020/texmf-dist/tex/latex/pgf/basiclayer/pgf.sty
Package: pgf 2020/01/08 v3.1.5b (3.1.5b)

(c:/texlive/2020/texmf-dist/tex/generic/pgf/modules/pgfmoduleshapes.code.tex
File: pgfmoduleshapes.code.tex 2020/01/08 v3.1.5b (3.1.5b)
\pgfnodeparttextbox=\box73
)
(c:/texlive/2020/texmf-dist/tex/generic/pgf/modules/pgfmoduleplot.code.tex
File: pgfmoduleplot.code.tex 2020/01/08 v3.1.5b (3.1.5b)
)
(c:/texlive/2020/texmf-dist/tex/latex/pgf/compatibility/pgfcomp-version-0-65.st
y
Package: pgfcomp-version-0-65 2020/01/08 v3.1.5b (3.1.5b)
\pgf@nodesepstart=\dimen277
\pgf@nodesepend=\dimen278
)
(c:/texlive/2020/texmf-dist/tex/latex/pgf/compatibility/pgfcomp-version-1-18.st
y
Package: pgfcomp-version-1-18 2020/01/08 v3.1.5b (3.1.5b)
)) (c:/texlive/2020/texmf-dist/tex/latex/tools/verbatim.sty
Package: verbatim 2019/11/10 v1.5r LaTeX2e package for verbatim enhancements
\every@verbatim=\toks44
\verbatim@line=\toks45
\verbatim@in@stream=\read3
)
(c:/texlive/2020/texmf-dist/tex/latex/environ/environ.sty
Package: environ 2014/05/04 v0.3 A new way to define environments

(c:/texlive/2020/texmf-dist/tex/latex/trimspaces/trimspaces.sty
Package: trimspaces 2009/09/17 v1.1 Trim spaces around a token list
))
\tcb@titlebox=\box74
\tcb@upperbox=\box75
\tcb@lowerbox=\box76
\tcb@phantombox=\box77
\c@tcbbreakpart=\count310
\c@tcblayer=\count311
\c@tcolorbox@number=\count312
\tcb@temp=\box78
\tcb@temp=\box79
\tcb@temp=\box80
\tcb@temp=\box81
\tcb@out=\write5
\tcb@record@out=\write6
)
(c:/texlive/2020/texmf-dist/tex/latex/forloop/forloop.sty
Package: forloop 2006/09/18 v3.0 For Loops for LaTeX

(c:/texlive/2020/texmf-dist/tex/latex/base/ifthen.sty
Package: ifthen 2014/09/29 v1.1c Standard LaTeX ifthen package (DPC)
))
(c:/texlive/2020/texmf-dist/tex/latex/textpos/textpos.sty
Package: textpos 2019/04/15 v1.9.1

Package: textpos 2019/04/15 1.9.1, absolute positioning of text on the page
\TP@textbox=\box82
\TPHorizModule=\dimen279
\TPVertModule=\dimen280
\TP@margin=\dimen281
\TP@absmargin=\dimen282
Grid set 16 x 16 = 22.7622pt x 17.07166pt
\TPboxrulesize=\dimen283
\TP@tbargs=\toks46
\TP@prevdepth=\dimen284
) (c:/texlive/2020/texmf-dist/tex/latex/base/textcomp.sty
Package: textcomp 2020/02/02 v2.0n Standard LaTeX package
)
(c:/texlive/2020/texmf-dist/tex/latex/beamertheme-metropolis/beamerthememetropo
lis.sty
Package: beamerthememetropolis 2017/01/23 v1.2 Metropolis Beamer theme
 (c:/texlive/2020/texmf-dist/tex/latex/pgfopts/pgfopts.sty
Package: pgfopts 2014/07/10 v2.1a LaTeX package options with pgfkeys

(c:/texlive/2020/texmf-dist/tex/latex/pgf/utilities/pgfkeys.sty
(c:/texlive/2020/texmf-dist/tex/generic/pgf/utilities/pgfkeys.code.tex))
\pgfopts@list@add@a@toks=\toks47
\pgfopts@list@add@b@toks=\toks48
)
(c:/texlive/2020/texmf-dist/tex/latex/beamertheme-metropolis/beamerinnerthememe
tropolis.sty
Package: beamerinnerthememetropolis 2017/01/23 Metropolis inner theme
 (c:/texlive/2020/texmf-dist/tex/latex/tools/calc.sty
Package: calc 2017/05/25 v4.3 Infix arithmetic (KKT,FJ)
\calc@Acount=\count313
\calc@Bcount=\count314
\calc@Adimen=\dimen285
\calc@Bdimen=\dimen286
\calc@Askip=\skip63
\calc@Bskip=\skip64
LaTeX Info: Redefining \setlength on input line 80.
LaTeX Info: Redefining \addtolength on input line 81.
\calc@Ccount=\count315
\calc@Cskip=\skip65
)
(c:/texlive/2020/texmf-dist/tex/latex/pgf/frontendlayer/tikz.sty
(c:/texlive/2020/texmf-dist/tex/latex/pgf/utilities/pgffor.sty
(c:/texlive/2020/texmf-dist/tex/latex/pgf/math/pgfmath.sty
(c:/texlive/2020/texmf-dist/tex/generic/pgf/math/pgfmath.code.tex))
(c:/texlive/2020/texmf-dist/tex/generic/pgf/utilities/pgffor.code.tex
Package: pgffor 2020/01/08 v3.1.5b (3.1.5b)

(c:/texlive/2020/texmf-dist/tex/generic/pgf/math/pgfmath.code.tex)
\pgffor@iter=\dimen287
\pgffor@skip=\dimen288
\pgffor@stack=\toks49
\pgffor@toks=\toks50
))
(c:/texlive/2020/texmf-dist/tex/generic/pgf/frontendlayer/tikz/tikz.code.tex
Package: tikz 2020/01/08 v3.1.5b (3.1.5b)

(c:/texlive/2020/texmf-dist/tex/generic/pgf/libraries/pgflibraryplothandlers.co
de.tex
File: pgflibraryplothandlers.code.tex 2020/01/08 v3.1.5b (3.1.5b)
\pgf@plot@mark@count=\count316
\pgfplotmarksize=\dimen289
)
\tikz@lastx=\dimen290
\tikz@lasty=\dimen291
\tikz@lastxsaved=\dimen292
\tikz@lastysaved=\dimen293
\tikz@lastmovetox=\dimen294
\tikz@lastmovetoy=\dimen295
\tikzleveldistance=\dimen296
\tikzsiblingdistance=\dimen297
\tikz@figbox=\box83
\tikz@figbox@bg=\box84
\tikz@tempbox=\box85
\tikz@tempbox@bg=\box86
\tikztreelevel=\count317
\tikznumberofchildren=\count318
\tikznumberofcurrentchild=\count319
\tikz@fig@count=\count320

(c:/texlive/2020/texmf-dist/tex/generic/pgf/modules/pgfmodulematrix.code.tex
File: pgfmodulematrix.code.tex 2020/01/08 v3.1.5b (3.1.5b)
\pgfmatrixcurrentrow=\count321
\pgfmatrixcurrentcolumn=\count322
\pgf@matrix@numberofcolumns=\count323
)
\tikz@expandcount=\count324

(c:/texlive/2020/texmf-dist/tex/generic/pgf/frontendlayer/tikz/libraries/tikzli
brarytopaths.code.tex
File: tikzlibrarytopaths.code.tex 2020/01/08 v3.1.5b (3.1.5b)
)))
\metropolis@titleseparator@linewidth=\skip66
\metropolis@progressonsectionpage=\skip67
\metropolis@progressonsectionpage@linewidth=\skip68
\metropolis@blocksep=\skip69
\metropolis@blockadjust=\skip70
\metropolis@parskip=\skip71
)
(c:/texlive/2020/texmf-dist/tex/latex/beamertheme-metropolis/beamerouterthememe
tropolis.sty
Package: beamerouterthememetropolis 2017/01/23 Metropolis outer theme
\metropolis@frametitle@padding=\skip72
\metropolis@progressinheadfoot=\skip73
\metropolis@progressinheadfoot@linewidth=\skip74
)
(c:/texlive/2020/texmf-dist/tex/latex/beamertheme-metropolis/beamercolorthememe
tropolis.sty
Package: beamercolorthememetropolis 2017/01/23 Metropolis color theme
)
(c:/texlive/2020/texmf-dist/tex/latex/beamertheme-metropolis/beamerfontthememet
ropolis.sty
Package: beamerfontthememetropolis 2017/01/23 Metropolis font theme
 (c:/texlive/2020/texmf-dist/tex/generic/iftex/ifxetex.sty
Package: ifxetex 2019/10/25 v0.7 ifxetex legacy package. Use iftex instead.
)
(c:/texlive/2020/texmf-dist/tex/generic/iftex/ifluatex.sty
Package: ifluatex 2019/10/25 v1.5 ifluatex legacy package. Use iftex instead.
)

Package beamerthememetropolis Warning: You need to compile with XeLaTeX or LuaL
aTeX to use the Fira fonts on input line 95.

)) (c:/texlive/2020/texmf-dist/tex/latex/l3backend/l3backend-pdfmode.def
File: l3backend-pdfmode.def 2020-06-18 L3 backend support: PDF mode
\l__kernel_color_stack_int=\count325
\l__pdf_internal_box=\box87
)
(./bo.aux)
\openout1 = `bo.aux'.

LaTeX Font Info:    Checking defaults for OML/cmm/m/it on input line 30.
LaTeX Font Info:    ... okay on input line 30.
LaTeX Font Info:    Checking defaults for OMS/cmsy/m/n on input line 30.
LaTeX Font Info:    ... okay on input line 30.
LaTeX Font Info:    Checking defaults for OT1/cmr/m/n on input line 30.
LaTeX Font Info:    ... okay on input line 30.
LaTeX Font Info:    Checking defaults for T1/cmr/m/n on input line 30.
LaTeX Font Info:    ... okay on input line 30.
LaTeX Font Info:    Checking defaults for TS1/cmr/m/n on input line 30.
LaTeX Font Info:    ... okay on input line 30.
LaTeX Font Info:    Checking defaults for OMX/cmex/m/n on input line 30.
LaTeX Font Info:    ... okay on input line 30.
LaTeX Font Info:    Checking defaults for U/cmr/m/n on input line 30.
LaTeX Font Info:    ... okay on input line 30.
LaTeX Font Info:    Checking defaults for PD1/pdf/m/n on input line 30.
LaTeX Font Info:    ... okay on input line 30.

*geometry* driver: auto-detecting
*geometry* detected driver: pdftex
*geometry* verbose mode - [ preamble ] result:
* driver: pdftex
* paper: custom
* layout: <same size as paper>
* layoutoffset:(h,v)=(0.0pt,0.0pt)
* modes: includehead includefoot 
* h-part:(L,W,R)=(28.45274pt, 307.28987pt, 28.45274pt)
* v-part:(T,H,B)=(0.0pt, 273.14662pt, 0.0pt)
* \paperwidth=364.19536pt
* \paperheight=273.14662pt
* \textwidth=307.28987pt
* \textheight=244.6939pt
* \oddsidemargin=-43.81725pt
* \evensidemargin=-43.81725pt
* \topmargin=-72.26999pt
* \headheight=14.22636pt
* \headsep=0.0pt
* \topskip=11.0pt
* \footskip=14.22636pt
* \marginparwidth=4.0pt
* \marginparsep=10.0pt
* \columnsep=10.0pt
* \skip\footins=10.0pt plus 4.0pt minus 2.0pt
* \hoffset=0.0pt
* \voffset=0.0pt
* \mag=1000
* \@twocolumnfalse
* \@twosidefalse
* \@mparswitchfalse
* \@reversemarginfalse
* (1in=72.27pt=25.4mm, 1cm=28.453pt)

(c:/texlive/2020/texmf-dist/tex/context/base/mkii/supp-pdf.mkii
[Loading MPS to PDF converter (version 2006.09.02).]
\scratchcounter=\count326
\scratchdimen=\dimen298
\scratchbox=\box88
\nofMPsegments=\count327
\nofMParguments=\count328
\everyMPshowfont=\toks51
\MPscratchCnt=\count329
\MPscratchDim=\dimen299
\MPnumerator=\count330
\makeMPintoPDFobject=\count331
\everyMPtoPDFconversion=\toks52
) (c:/texlive/2020/texmf-dist/tex/latex/epstopdf-pkg/epstopdf-base.sty
Package: epstopdf-base 2020-01-24 v2.11 Base part for package epstopdf
Package epstopdf-base Info: Redefining graphics rule for `.eps' on input line 4
85.

(c:/texlive/2020/texmf-dist/tex/latex/latexconfig/epstopdf-sys.cfg
File: epstopdf-sys.cfg 2010/07/13 v1.3 Configuration of (r)epstopdf for TeX Liv
e
))
ABD: EveryShipout initializing macros
\AtBeginShipoutBox=\box89
Package hyperref Info: Link coloring OFF on input line 30.

(c:/texlive/2020/texmf-dist/tex/latex/hyperref/nameref.sty
Package: nameref 2019/09/16 v2.46 Cross-referencing by name of section

(c:/texlive/2020/texmf-dist/tex/latex/refcount/refcount.sty
Package: refcount 2019/12/15 v3.6 Data extraction from label references (HO)
)
(c:/texlive/2020/texmf-dist/tex/generic/gettitlestring/gettitlestring.sty
Package: gettitlestring 2019/12/15 v1.6 Cleanup title references (HO)
)
\c@section@level=\count332
)
LaTeX Info: Redefining \ref on input line 30.
LaTeX Info: Redefining \pageref on input line 30.
LaTeX Info: Redefining \nameref on input line 30.

(./bo.out) (./bo.out)
\@outlinefile=\write7
\openout7 = `bo.out'.

LaTeX Font Info:    Overwriting symbol font `operators' in version `normal'
(Font)                  OT1/cmr/m/n --> OT1/cmss/m/n on input line 30.
LaTeX Font Info:    Overwriting symbol font `operators' in version `bold'
(Font)                  OT1/cmr/bx/n --> OT1/cmss/b/n on input line 30.
\symnumbers=\mathgroup6
\sympureletters=\mathgroup7
LaTeX Font Info:    Overwriting math alphabet `\mathrm' in version `normal'
(Font)                  OT1/cmss/m/n --> OT1/cmr/m/n on input line 30.
LaTeX Font Info:    Redeclaring math alphabet \mathbf on input line 30.
LaTeX Font Info:    Overwriting math alphabet `\mathbf' in version `normal'
(Font)                  OT1/cmr/bx/n --> OT1/cmss/b/n on input line 30.
LaTeX Font Info:    Overwriting math alphabet `\mathbf' in version `bold'
(Font)                  OT1/cmr/bx/n --> OT1/cmss/b/n on input line 30.
LaTeX Font Info:    Redeclaring math alphabet \mathsf on input line 30.
LaTeX Font Info:    Overwriting math alphabet `\mathsf' in version `normal'
(Font)                  OT1/cmss/m/n --> OT1/cmss/m/n on input line 30.
LaTeX Font Info:    Overwriting math alphabet `\mathsf' in version `bold'
(Font)                  OT1/cmss/bx/n --> OT1/cmss/m/n on input line 30.
LaTeX Font Info:    Redeclaring math alphabet \mathit on input line 30.
LaTeX Font Info:    Overwriting math alphabet `\mathit' in version `normal'
(Font)                  OT1/cmr/m/it --> OT1/cmss/m/it on input line 30.
LaTeX Font Info:    Overwriting math alphabet `\mathit' in version `bold'
(Font)                  OT1/cmr/bx/it --> OT1/cmss/m/it on input line 30.
LaTeX Font Info:    Redeclaring math alphabet \mathtt on input line 30.
LaTeX Font Info:    Overwriting math alphabet `\mathtt' in version `normal'
(Font)                  OT1/cmtt/m/n --> OT1/cmtt/m/n on input line 30.
LaTeX Font Info:    Overwriting math alphabet `\mathtt' in version `bold'
(Font)                  OT1/cmtt/m/n --> OT1/cmtt/m/n on input line 30.
LaTeX Font Info:    Overwriting symbol font `numbers' in version `bold'
(Font)                  OT1/cmss/m/n --> OT1/cmss/b/n on input line 30.
LaTeX Font Info:    Overwriting symbol font `pureletters' in version `bold'
(Font)                  OT1/cmss/m/it --> OT1/cmss/b/it on input line 30.
LaTeX Font Info:    Overwriting math alphabet `\mathrm' in version `bold'
(Font)                  OT1/cmss/b/n --> OT1/cmr/b/n on input line 30.
LaTeX Font Info:    Overwriting math alphabet `\mathbf' in version `bold'
(Font)                  OT1/cmss/b/n --> OT1/cmss/b/n on input line 30.
LaTeX Font Info:    Overwriting math alphabet `\mathsf' in version `bold'
(Font)                  OT1/cmss/m/n --> OT1/cmss/b/n on input line 30.
LaTeX Font Info:    Overwriting math alphabet `\mathit' in version `bold'
(Font)                  OT1/cmss/m/it --> OT1/cmss/b/it on input line 30.
LaTeX Font Info:    Overwriting math alphabet `\mathtt' in version `bold'
(Font)                  OT1/cmtt/m/n --> OT1/cmtt/b/n on input line 30.
LaTeX Font Info:    Redeclaring symbol font `pureletters' on input line 30.
LaTeX Font Info:    Overwriting symbol font `pureletters' in version `normal'
(Font)                  OT1/cmss/m/it --> OT1/mathkerncmss/m/sl on input line 3
0.
LaTeX Font Info:    Overwriting symbol font `pureletters' in version `bold'
(Font)                  OT1/cmss/b/it --> OT1/mathkerncmss/m/sl on input line 3
0.
LaTeX Font Info:    Overwriting symbol font `pureletters' in version `bold'
(Font)                  OT1/mathkerncmss/m/sl --> OT1/mathkerncmss/bx/sl on inp
ut line 30.

(c:/texlive/2020/texmf-dist/tex/latex/translator/translator-basic-dictionary-En
glish.dict
Dictionary: translator-basic-dictionary, Language: English 
)
(c:/texlive/2020/texmf-dist/tex/latex/translator/translator-bibliography-dictio
nary-English.dict
Dictionary: translator-bibliography-dictionary, Language: English 
)
(c:/texlive/2020/texmf-dist/tex/latex/translator/translator-environment-diction
ary-English.dict
Dictionary: translator-environment-dictionary, Language: English 
)
(c:/texlive/2020/texmf-dist/tex/latex/translator/translator-months-dictionary-E
nglish.dict
Dictionary: translator-months-dictionary, Language: English 
)
(c:/texlive/2020/texmf-dist/tex/latex/translator/translator-numbers-dictionary-
English.dict
Dictionary: translator-numbers-dictionary, Language: English 
)
(c:/texlive/2020/texmf-dist/tex/latex/translator/translator-theorem-dictionary-
English.dict
Dictionary: translator-theorem-dictionary, Language: English 
) (./bo.nav)
Overfull \vbox (15.63992pt too high) detected at line 31
 []

[1

{c:/texlive/2020/texmf-var/fonts/map/pdftex/updmap/pdftex.map}]
LaTeX Font Info:    Trying to load font information for U+msa on input line 43.


(c:/texlive/2020/texmf-dist/tex/latex/amsfonts/umsa.fd
File: umsa.fd 2013/01/14 v3.01 AMS symbols A
)
LaTeX Font Info:    Trying to load font information for U+msb on input line 43.


(c:/texlive/2020/texmf-dist/tex/latex/amsfonts/umsb.fd
File: umsb.fd 2013/01/14 v3.01 AMS symbols B
)
LaTeX Font Info:    Trying to load font information for OT1+mathkerncmss on inp
ut line 43.

(c:/texlive/2020/texmf-dist/tex/latex/sansmathaccent/ot1mathkerncmss.fd
File: ot1mathkerncmss.fd 2020/01/31 Fontinst v1.933 font definitions for OT1/ma
thkerncmss.
)
[2

]
\c@iter=\count333
<bo-images/nslides/Slide1.jpg, id=44, 722.7pt x 542.025pt>
File: bo-images/nslides/Slide1.jpg Graphic file (type jpg)
<use bo-images/nslides/Slide1.jpg>
Package pdftex.def Info: bo-images/nslides/Slide1.jpg  used on input line 52.
(pdftex.def)             Requested size: 364.20523pt x 273.14662pt.

Overfull \hbox (364.20523pt too wide) in paragraph at lines 52--52
 [] 
 []

[3

 <./bo-images/nslides/Slide1.jpg>]
<bo-images/nslides/Slide2.jpg, id=50, 722.7pt x 542.025pt>
File: bo-images/nslides/Slide2.jpg Graphic file (type jpg)
<use bo-images/nslides/Slide2.jpg>
Package pdftex.def Info: bo-images/nslides/Slide2.jpg  used on input line 52.
(pdftex.def)             Requested size: 364.20523pt x 273.14662pt.

Overfull \hbox (364.20523pt too wide) in paragraph at lines 52--52
 [] 
 []

[4

 <./bo-images/nslides/Slide2.jpg>]
<bo-images/nslides/Slide3.jpg, id=56, 722.7pt x 542.025pt>
File: bo-images/nslides/Slide3.jpg Graphic file (type jpg)
<use bo-images/nslides/Slide3.jpg>
Package pdftex.def Info: bo-images/nslides/Slide3.jpg  used on input line 52.
(pdftex.def)             Requested size: 364.20523pt x 273.14662pt.

Overfull \hbox (364.20523pt too wide) in paragraph at lines 52--52
 [] 
 []

[5

 <./bo-images/nslides/Slide3.jpg>]
<bo-images/nslides/Slide4.jpg, id=62, 722.7pt x 542.025pt>
File: bo-images/nslides/Slide4.jpg Graphic file (type jpg)
<use bo-images/nslides/Slide4.jpg>
Package pdftex.def Info: bo-images/nslides/Slide4.jpg  used on input line 52.
(pdftex.def)             Requested size: 364.20523pt x 273.14662pt.

Overfull \hbox (364.20523pt too wide) in paragraph at lines 52--52
 [] 
 []

[6

 <./bo-images/nslides/Slide4.jpg>]
<bo-images/nslides/Slide5.jpg, id=68, 722.7pt x 542.025pt>
File: bo-images/nslides/Slide5.jpg Graphic file (type jpg)
<use bo-images/nslides/Slide5.jpg>
Package pdftex.def Info: bo-images/nslides/Slide5.jpg  used on input line 52.
(pdftex.def)             Requested size: 364.20523pt x 273.14662pt.

Overfull \hbox (364.20523pt too wide) in paragraph at lines 52--52
 [] 
 []

[7

 <./bo-images/nslides/Slide5.jpg>]
<bo-images/nslides/Slide6.jpg, id=75, 722.7pt x 542.025pt>
File: bo-images/nslides/Slide6.jpg Graphic file (type jpg)
<use bo-images/nslides/Slide6.jpg>
Package pdftex.def Info: bo-images/nslides/Slide6.jpg  used on input line 52.
(pdftex.def)             Requested size: 364.20523pt x 273.14662pt.

Overfull \hbox (364.20523pt too wide) in paragraph at lines 52--52
 [] 
 []

[8

 <./bo-images/nslides/Slide6.jpg>]
<bo-images/nslides/Slide7.jpg, id=81, 722.7pt x 542.025pt>
File: bo-images/nslides/Slide7.jpg Graphic file (type jpg)
<use bo-images/nslides/Slide7.jpg>
Package pdftex.def Info: bo-images/nslides/Slide7.jpg  used on input line 52.
(pdftex.def)             Requested size: 364.20523pt x 273.14662pt.

Overfull \hbox (364.20523pt too wide) in paragraph at lines 52--52
 [] 
 []

[9

 <./bo-images/nslides/Slide7.jpg>]
<bo-images/nslides/Slide8.jpg, id=87, 722.7pt x 542.025pt>
File: bo-images/nslides/Slide8.jpg Graphic file (type jpg)
<use bo-images/nslides/Slide8.jpg>
Package pdftex.def Info: bo-images/nslides/Slide8.jpg  used on input line 52.
(pdftex.def)             Requested size: 364.20523pt x 273.14662pt.

Overfull \hbox (364.20523pt too wide) in paragraph at lines 52--52
 [] 
 []

[10

 <./bo-images/nslides/Slide8.jpg>]
<bo-images/nslides/Slide9.jpg, id=93, 722.7pt x 542.025pt>
File: bo-images/nslides/Slide9.jpg Graphic file (type jpg)
<use bo-images/nslides/Slide9.jpg>
Package pdftex.def Info: bo-images/nslides/Slide9.jpg  used on input line 52.
(pdftex.def)             Requested size: 364.20523pt x 273.14662pt.

Overfull \hbox (364.20523pt too wide) in paragraph at lines 52--52
 [] 
 []

[11

 <./bo-images/nslides/Slide9.jpg>]
<bo-images/nslides/Slide10.jpg, id=99, 722.7pt x 542.025pt>
File: bo-images/nslides/Slide10.jpg Graphic file (type jpg)
<use bo-images/nslides/Slide10.jpg>
Package pdftex.def Info: bo-images/nslides/Slide10.jpg  used on input line 52.
(pdftex.def)             Requested size: 364.20523pt x 273.14662pt.

Overfull \hbox (364.20523pt too wide) in paragraph at lines 52--52
 [] 
 []

[12

 <./bo-images/nslides/Slide10.jpg>]
<bo-images/nslides/Slide11.jpg, id=105, 722.7pt x 542.025pt>
File: bo-images/nslides/Slide11.jpg Graphic file (type jpg)
<use bo-images/nslides/Slide11.jpg>
Package pdftex.def Info: bo-images/nslides/Slide11.jpg  used on input line 52.
(pdftex.def)             Requested size: 364.20523pt x 273.14662pt.

Overfull \hbox (364.20523pt too wide) in paragraph at lines 52--52
 [] 
 []

[13

 <./bo-images/nslides/Slide11.jpg>]
<bo-images/nslides/Slide12.jpg, id=112, 722.7pt x 542.025pt>
File: bo-images/nslides/Slide12.jpg Graphic file (type jpg)
<use bo-images/nslides/Slide12.jpg>
Package pdftex.def Info: bo-images/nslides/Slide12.jpg  used on input line 52.
(pdftex.def)             Requested size: 364.20523pt x 273.14662pt.

Overfull \hbox (364.20523pt too wide) in paragraph at lines 52--52
 [] 
 []

[14

 <./bo-images/nslides/Slide12.jpg>]
<bo-images/nslides/Slide13.jpg, id=118, 722.7pt x 542.025pt>
File: bo-images/nslides/Slide13.jpg Graphic file (type jpg)
<use bo-images/nslides/Slide13.jpg>
Package pdftex.def Info: bo-images/nslides/Slide13.jpg  used on input line 52.
(pdftex.def)             Requested size: 364.20523pt x 273.14662pt.

Overfull \hbox (364.20523pt too wide) in paragraph at lines 52--52
 [] 
 []

[15

 <./bo-images/nslides/Slide13.jpg>] [16

] [17

]
<bo-images/gifs/GT.png, id=136, 413.545pt x 274.626pt>
File: bo-images/gifs/GT.png Graphic file (type png)
<use bo-images/gifs/GT.png>
Package pdftex.def Info: bo-images/gifs/GT.png  used on input line 72.
(pdftex.def)             Requested size: 184.63586pt x 122.61499pt.

Overfull \vbox (29.13364pt too high) detected at line 72
 []

[18

 <./bo-images/gifs/GT.png>]
<bo-images/gifs/prior.png, id=144, 529.177pt x 274.626pt>
File: bo-images/gifs/prior.png Graphic file (type png)
<use bo-images/gifs/prior.png>
Package pdftex.def Info: bo-images/gifs/prior.png  used on input line 84.
(pdftex.def)             Requested size: 217.36769pt x 112.80743pt.

Overfull \vbox (22.11978pt too high) detected at line 84
 []

[19

 <./bo-images/gifs/prior.png>]
<bo-images/gifs/posterior.png, id=155, 547.646pt x 274.626pt>
File: bo-images/gifs/posterior.png Graphic file (type png)
<use bo-images/gifs/posterior.png>
Package pdftex.def Info: bo-images/gifs/posterior.png  used on input line 94.
(pdftex.def)             Requested size: 224.95413pt x 112.80743pt.

Overfull \vbox (0.34032pt too high) detected at line 94
 []

[20

 <./bo-images/gifs/posterior.png>] [21

] [22

] [23

]
LaTeX Font Info:    Trying to load font information for TS1+cmss on input line 
126.

(c:/texlive/2020/texmf-dist/tex/latex/base/ts1cmss.fd
File: ts1cmss.fd 2019/12/16 v2.5j Standard LaTeX font definitions
) [24

]
Overfull \vbox (3.44804pt too high) detected at line 144
 []

[25

] [26

] [27

] [28

] [29

] [30

] [31

] [32

] [33

]
<bo-images/pngs/PI/0.01/0.png, id=245, 623.931pt x 281.05pt>
File: bo-images/pngs/PI/0.01/0.png Graphic file (type png)
<use bo-images/pngs/PI/0.01/0.png>
Package pdftex.def Info: bo-images/pngs/PI/0.01/0.png  used on input line 225.
(pdftex.def)             Requested size: 307.28987pt x 138.4233pt.
 [34

 <./bo-images/pngs/PI/0.01/0.png>]
<bo-images/pngs/PI/0.01/1.png, id=253, 623.931pt x 281.05pt>
File: bo-images/pngs/PI/0.01/1.png Graphic file (type png)
<use bo-images/pngs/PI/0.01/1.png>
Package pdftex.def Info: bo-images/pngs/PI/0.01/1.png  used on input line 225.
(pdftex.def)             Requested size: 307.28987pt x 138.4233pt.
 [35

 <./bo-images/pngs/PI/0.01/1.png>]
<bo-images/pngs/PI/0.01/2.png, id=260, 623.931pt x 281.05pt>
File: bo-images/pngs/PI/0.01/2.png Graphic file (type png)
<use bo-images/pngs/PI/0.01/2.png>
Package pdftex.def Info: bo-images/pngs/PI/0.01/2.png  used on input line 225.
(pdftex.def)             Requested size: 307.28987pt x 138.4233pt.
 [36

 <./bo-images/pngs/PI/0.01/2.png>]
<bo-images/pngs/PI/0.01/3.png, id=267, 623.931pt x 281.05pt>
File: bo-images/pngs/PI/0.01/3.png Graphic file (type png)
<use bo-images/pngs/PI/0.01/3.png>
Package pdftex.def Info: bo-images/pngs/PI/0.01/3.png  used on input line 225.
(pdftex.def)             Requested size: 307.28987pt x 138.4233pt.
[37

 <./bo-images/pngs/PI/0.01/3.png>]
<bo-images/pngs/PI/0.01/4.png, id=275, 623.931pt x 281.05pt>
File: bo-images/pngs/PI/0.01/4.png Graphic file (type png)
<use bo-images/pngs/PI/0.01/4.png>
Package pdftex.def Info: bo-images/pngs/PI/0.01/4.png  used on input line 225.
(pdftex.def)             Requested size: 307.28987pt x 138.4233pt.
 [38

 <./bo-images/pngs/PI/0.01/4.png>]
<bo-images/pngs/PI/0.01/5.png, id=282, 623.931pt x 281.05pt>
File: bo-images/pngs/PI/0.01/5.png Graphic file (type png)
<use bo-images/pngs/PI/0.01/5.png>
Package pdftex.def Info: bo-images/pngs/PI/0.01/5.png  used on input line 225.
(pdftex.def)             Requested size: 307.28987pt x 138.4233pt.

[39

 <./bo-images/pngs/PI/0.01/5.png>]
<bo-images/pngs/PI/0.01/6.png, id=289, 623.931pt x 281.05pt>
File: bo-images/pngs/PI/0.01/6.png Graphic file (type png)
<use bo-images/pngs/PI/0.01/6.png>
Package pdftex.def Info: bo-images/pngs/PI/0.01/6.png  used on input line 225.
(pdftex.def)             Requested size: 307.28987pt x 138.4233pt.
 [40

 <./bo-images/pngs/PI/0.01/6.png>]
<bo-images/pngs/PI/0.01/7.png, id=296, 623.931pt x 281.05pt>
File: bo-images/pngs/PI/0.01/7.png Graphic file (type png)
<use bo-images/pngs/PI/0.01/7.png>
Package pdftex.def Info: bo-images/pngs/PI/0.01/7.png  used on input line 225.
(pdftex.def)             Requested size: 307.28987pt x 138.4233pt.

[41

 <./bo-images/pngs/PI/0.01/7.png>]
<bo-images/pngs/PI/0.01/8.png, id=303, 623.931pt x 281.05pt>
File: bo-images/pngs/PI/0.01/8.png Graphic file (type png)
<use bo-images/pngs/PI/0.01/8.png>
Package pdftex.def Info: bo-images/pngs/PI/0.01/8.png  used on input line 225.
(pdftex.def)             Requested size: 307.28987pt x 138.4233pt.
 [42

 <./bo-images/pngs/PI/0.01/8.png>]
<bo-images/pngs/PI/0.01/9.png, id=310, 623.931pt x 281.05pt>
File: bo-images/pngs/PI/0.01/9.png Graphic file (type png)
<use bo-images/pngs/PI/0.01/9.png>
Package pdftex.def Info: bo-images/pngs/PI/0.01/9.png  used on input line 225.
(pdftex.def)             Requested size: 307.28987pt x 138.4233pt.

[43

 <./bo-images/pngs/PI/0.01/9.png>]
<bo-images/pngs/PI/1/0.png, id=318, 631.5595pt x 281.05pt>
File: bo-images/pngs/PI/1/0.png Graphic file (type png)
<use bo-images/pngs/PI/1/0.png>
Package pdftex.def Info: bo-images/pngs/PI/1/0.png  used on input line 235.
(pdftex.def)             Requested size: 307.28987pt x 136.7508pt.
 [44

 <./bo-images/pngs/PI/1/0.png>]
<bo-images/pngs/PI/1/1.png, id=326, 631.5595pt x 281.05pt>
File: bo-images/pngs/PI/1/1.png Graphic file (type png)
<use bo-images/pngs/PI/1/1.png>
Package pdftex.def Info: bo-images/pngs/PI/1/1.png  used on input line 235.
(pdftex.def)             Requested size: 307.28987pt x 136.7508pt.

[45

 <./bo-images/pngs/PI/1/1.png>]
<bo-images/pngs/PI/1/2.png, id=333, 631.5595pt x 281.05pt>
File: bo-images/pngs/PI/1/2.png Graphic file (type png)
<use bo-images/pngs/PI/1/2.png>
Package pdftex.def Info: bo-images/pngs/PI/1/2.png  used on input line 235.
(pdftex.def)             Requested size: 307.28987pt x 136.7508pt.
 [46

 <./bo-images/pngs/PI/1/2.png>]
<bo-images/pngs/PI/1/3.png, id=340, 631.5595pt x 281.05pt>
File: bo-images/pngs/PI/1/3.png Graphic file (type png)
<use bo-images/pngs/PI/1/3.png>
Package pdftex.def Info: bo-images/pngs/PI/1/3.png  used on input line 235.
(pdftex.def)             Requested size: 307.28987pt x 136.7508pt.
 [47

 <./bo-images/pngs/PI/1/3.png>]
<bo-images/pngs/PI/1/4.png, id=347, 631.5595pt x 281.05pt>
File: bo-images/pngs/PI/1/4.png Graphic file (type png)
<use bo-images/pngs/PI/1/4.png>
Package pdftex.def Info: bo-images/pngs/PI/1/4.png  used on input line 235.
(pdftex.def)             Requested size: 307.28987pt x 136.7508pt.
 [48

 <./bo-images/pngs/PI/1/4.png>]
<bo-images/pngs/PI/1/5.png, id=354, 631.5595pt x 281.05pt>
File: bo-images/pngs/PI/1/5.png Graphic file (type png)
<use bo-images/pngs/PI/1/5.png>
Package pdftex.def Info: bo-images/pngs/PI/1/5.png  used on input line 235.
(pdftex.def)             Requested size: 307.28987pt x 136.7508pt.
 [49

 <./bo-images/pngs/PI/1/5.png>]
<bo-images/pngs/PI/1/6.png, id=362, 631.5595pt x 281.05pt>
File: bo-images/pngs/PI/1/6.png Graphic file (type png)
<use bo-images/pngs/PI/1/6.png>
Package pdftex.def Info: bo-images/pngs/PI/1/6.png  used on input line 235.
(pdftex.def)             Requested size: 307.28987pt x 136.7508pt.
 [50

 <./bo-images/pngs/PI/1/6.png>]
<bo-images/pngs/PI/1/7.png, id=369, 631.5595pt x 281.05pt>
File: bo-images/pngs/PI/1/7.png Graphic file (type png)
<use bo-images/pngs/PI/1/7.png>
Package pdftex.def Info: bo-images/pngs/PI/1/7.png  used on input line 235.
(pdftex.def)             Requested size: 307.28987pt x 136.7508pt.
 [51

 <./bo-images/pngs/PI/1/7.png>]
<bo-images/pngs/PI/1/8.png, id=376, 631.5595pt x 281.05pt>
File: bo-images/pngs/PI/1/8.png Graphic file (type png)
<use bo-images/pngs/PI/1/8.png>
Package pdftex.def Info: bo-images/pngs/PI/1/8.png  used on input line 235.
(pdftex.def)             Requested size: 307.28987pt x 136.7508pt.
 [52

 <./bo-images/pngs/PI/1/8.png>]
<bo-images/pngs/PI/1/9.png, id=383, 631.5595pt x 281.05pt>
File: bo-images/pngs/PI/1/9.png Graphic file (type png)
<use bo-images/pngs/PI/1/9.png>
Package pdftex.def Info: bo-images/pngs/PI/1/9.png  used on input line 235.
(pdftex.def)             Requested size: 307.28987pt x 136.7508pt.
 [53

 <./bo-images/pngs/PI/1/9.png>]
<bo-images/pngs/PI/8/0.png, id=390, 631.5595pt x 281.05pt>
File: bo-images/pngs/PI/8/0.png Graphic file (type png)
<use bo-images/pngs/PI/8/0.png>
Package pdftex.def Info: bo-images/pngs/PI/8/0.png  used on input line 245.
(pdftex.def)             Requested size: 307.28987pt x 136.7508pt.

Overfull \vbox (3.16875pt too high) detected at line 245
 []

[54

 <./bo-images/pngs/PI/8/0.png>]
<bo-images/pngs/PI/8/1.png, id=397, 631.5595pt x 281.05pt>
File: bo-images/pngs/PI/8/1.png Graphic file (type png)
<use bo-images/pngs/PI/8/1.png>
Package pdftex.def Info: bo-images/pngs/PI/8/1.png  used on input line 245.
(pdftex.def)             Requested size: 307.28987pt x 136.7508pt.

Overfull \vbox (3.16875pt too high) detected at line 245
 []

[55

 <./bo-images/pngs/PI/8/1.png>]
<bo-images/pngs/PI/8/2.png, id=405, 631.5595pt x 281.05pt>
File: bo-images/pngs/PI/8/2.png Graphic file (type png)
<use bo-images/pngs/PI/8/2.png>
Package pdftex.def Info: bo-images/pngs/PI/8/2.png  used on input line 245.
(pdftex.def)             Requested size: 307.28987pt x 136.7508pt.

Overfull \vbox (3.16875pt too high) detected at line 245
 []

[56

 <./bo-images/pngs/PI/8/2.png>]
<bo-images/pngs/PI/8/3.png, id=412, 631.5595pt x 281.05pt>
File: bo-images/pngs/PI/8/3.png Graphic file (type png)
<use bo-images/pngs/PI/8/3.png>
Package pdftex.def Info: bo-images/pngs/PI/8/3.png  used on input line 245.
(pdftex.def)             Requested size: 307.28987pt x 136.7508pt.

Overfull \vbox (3.16875pt too high) detected at line 245
 []

[57

 <./bo-images/pngs/PI/8/3.png>]
<bo-images/pngs/PI/8/4.png, id=419, 631.5595pt x 281.05pt>
File: bo-images/pngs/PI/8/4.png Graphic file (type png)
<use bo-images/pngs/PI/8/4.png>
Package pdftex.def Info: bo-images/pngs/PI/8/4.png  used on input line 245.
(pdftex.def)             Requested size: 307.28987pt x 136.7508pt.

Overfull \vbox (3.16875pt too high) detected at line 245
 []

[58

 <./bo-images/pngs/PI/8/4.png>]
<bo-images/pngs/PI/8/5.png, id=426, 631.5595pt x 281.05pt>
File: bo-images/pngs/PI/8/5.png Graphic file (type png)
<use bo-images/pngs/PI/8/5.png>
Package pdftex.def Info: bo-images/pngs/PI/8/5.png  used on input line 245.
(pdftex.def)             Requested size: 307.28987pt x 136.7508pt.

Overfull \vbox (3.16875pt too high) detected at line 245
 []

[59

 <./bo-images/pngs/PI/8/5.png>]
<bo-images/pngs/PI/8/6.png, id=433, 631.5595pt x 281.05pt>
File: bo-images/pngs/PI/8/6.png Graphic file (type png)
<use bo-images/pngs/PI/8/6.png>
Package pdftex.def Info: bo-images/pngs/PI/8/6.png  used on input line 245.
(pdftex.def)             Requested size: 307.28987pt x 136.7508pt.

Overfull \vbox (3.16875pt too high) detected at line 245
 []

[60

 <./bo-images/pngs/PI/8/6.png>]
<bo-images/pngs/PI/8/7.png, id=440, 631.5595pt x 281.05pt>
File: bo-images/pngs/PI/8/7.png Graphic file (type png)
<use bo-images/pngs/PI/8/7.png>
Package pdftex.def Info: bo-images/pngs/PI/8/7.png  used on input line 245.
(pdftex.def)             Requested size: 307.28987pt x 136.7508pt.

Overfull \vbox (3.16875pt too high) detected at line 245
 []

[61

 <./bo-images/pngs/PI/8/7.png>]
<bo-images/pngs/PI/8/8.png, id=448, 631.5595pt x 281.05pt>
File: bo-images/pngs/PI/8/8.png Graphic file (type png)
<use bo-images/pngs/PI/8/8.png>
Package pdftex.def Info: bo-images/pngs/PI/8/8.png  used on input line 245.
(pdftex.def)             Requested size: 307.28987pt x 136.7508pt.

Overfull \vbox (3.16875pt too high) detected at line 245
 []

[62

 <./bo-images/pngs/PI/8/8.png>]
<bo-images/pngs/PI/8/9.png, id=455, 631.5595pt x 281.05pt>
File: bo-images/pngs/PI/8/9.png Graphic file (type png)
<use bo-images/pngs/PI/8/9.png>
Package pdftex.def Info: bo-images/pngs/PI/8/9.png  used on input line 245.
(pdftex.def)             Requested size: 307.28987pt x 136.7508pt.

Overfull \vbox (3.16875pt too high) detected at line 245
 []

[63

 <./bo-images/pngs/PI/8/9.png>] [64

] [65

] [66

] [67

]
<bo-images/pngs/EI/0.01/0.png, id=485, 631.5595pt x 281.05pt>
File: bo-images/pngs/EI/0.01/0.png Graphic file (type png)
<use bo-images/pngs/EI/0.01/0.png>
Package pdftex.def Info: bo-images/pngs/EI/0.01/0.png  used on input line 284.
(pdftex.def)             Requested size: 307.28987pt x 136.7508pt.
 [68

 <./bo-images/pngs/EI/0.01/0.png>]
<bo-images/pngs/EI/0.01/1.png, id=492, 631.5595pt x 281.05pt>
File: bo-images/pngs/EI/0.01/1.png Graphic file (type png)
<use bo-images/pngs/EI/0.01/1.png>
Package pdftex.def Info: bo-images/pngs/EI/0.01/1.png  used on input line 284.
(pdftex.def)             Requested size: 307.28987pt x 136.7508pt.
 [69

 <./bo-images/pngs/EI/0.01/1.png>]
<bo-images/pngs/EI/0.01/2.png, id=500, 631.5595pt x 281.05pt>
File: bo-images/pngs/EI/0.01/2.png Graphic file (type png)
<use bo-images/pngs/EI/0.01/2.png>
Package pdftex.def Info: bo-images/pngs/EI/0.01/2.png  used on input line 284.
(pdftex.def)             Requested size: 307.28987pt x 136.7508pt.
 [70

 <./bo-images/pngs/EI/0.01/2.png>]
<bo-images/pngs/EI/0.01/3.png, id=507, 631.5595pt x 281.05pt>
File: bo-images/pngs/EI/0.01/3.png Graphic file (type png)
<use bo-images/pngs/EI/0.01/3.png>
Package pdftex.def Info: bo-images/pngs/EI/0.01/3.png  used on input line 284.
(pdftex.def)             Requested size: 307.28987pt x 136.7508pt.
 [71

 <./bo-images/pngs/EI/0.01/3.png>]
<bo-images/pngs/EI/0.01/4.png, id=514, 631.5595pt x 281.05pt>
File: bo-images/pngs/EI/0.01/4.png Graphic file (type png)
<use bo-images/pngs/EI/0.01/4.png>
Package pdftex.def Info: bo-images/pngs/EI/0.01/4.png  used on input line 284.
(pdftex.def)             Requested size: 307.28987pt x 136.7508pt.
 [72

 <./bo-images/pngs/EI/0.01/4.png>]
<bo-images/pngs/EI/0.01/5.png, id=521, 631.5595pt x 281.05pt>
File: bo-images/pngs/EI/0.01/5.png Graphic file (type png)
<use bo-images/pngs/EI/0.01/5.png>
Package pdftex.def Info: bo-images/pngs/EI/0.01/5.png  used on input line 284.
(pdftex.def)             Requested size: 307.28987pt x 136.7508pt.
 [73

 <./bo-images/pngs/EI/0.01/5.png>]
<bo-images/pngs/EI/0.01/6.png, id=529, 631.5595pt x 281.05pt>
File: bo-images/pngs/EI/0.01/6.png Graphic file (type png)
<use bo-images/pngs/EI/0.01/6.png>
Package pdftex.def Info: bo-images/pngs/EI/0.01/6.png  used on input line 284.
(pdftex.def)             Requested size: 307.28987pt x 136.7508pt.
 [74

 <./bo-images/pngs/EI/0.01/6.png>]
<bo-images/pngs/EI/0.01/7.png, id=536, 631.5595pt x 281.05pt>
File: bo-images/pngs/EI/0.01/7.png Graphic file (type png)
<use bo-images/pngs/EI/0.01/7.png>
Package pdftex.def Info: bo-images/pngs/EI/0.01/7.png  used on input line 284.
(pdftex.def)             Requested size: 307.28987pt x 136.7508pt.
 [75

 <./bo-images/pngs/EI/0.01/7.png>]
<bo-images/pngs/EI/0.01/8.png, id=543, 631.5595pt x 281.05pt>
File: bo-images/pngs/EI/0.01/8.png Graphic file (type png)
<use bo-images/pngs/EI/0.01/8.png>
Package pdftex.def Info: bo-images/pngs/EI/0.01/8.png  used on input line 284.
(pdftex.def)             Requested size: 307.28987pt x 136.7508pt.
 [76

 <./bo-images/pngs/EI/0.01/8.png>]
<bo-images/pngs/EI/0.01/9.png, id=550, 631.5595pt x 281.05pt>
File: bo-images/pngs/EI/0.01/9.png Graphic file (type png)
<use bo-images/pngs/EI/0.01/9.png>
Package pdftex.def Info: bo-images/pngs/EI/0.01/9.png  used on input line 284.
(pdftex.def)             Requested size: 307.28987pt x 136.7508pt.
 [77

 <./bo-images/pngs/EI/0.01/9.png>]
<bo-images/pngs/EI/1.5/0.png, id=557, 631.5595pt x 281.05pt>
File: bo-images/pngs/EI/1.5/0.png Graphic file (type png)
<use bo-images/pngs/EI/1.5/0.png>
Package pdftex.def Info: bo-images/pngs/EI/1.5/0.png  used on input line 295.
(pdftex.def)             Requested size: 307.28987pt x 136.7508pt.

Overfull \vbox (32.31943pt too high) detected at line 295
 []

[78

 <./bo-images/pngs/EI/1.5/0.png>]
<bo-images/pngs/EI/1.5/1.png, id=564, 631.5595pt x 281.05pt>
File: bo-images/pngs/EI/1.5/1.png Graphic file (type png)
<use bo-images/pngs/EI/1.5/1.png>
Package pdftex.def Info: bo-images/pngs/EI/1.5/1.png  used on input line 295.
(pdftex.def)             Requested size: 307.28987pt x 136.7508pt.

Overfull \vbox (32.31943pt too high) detected at line 295
 []

[79

 <./bo-images/pngs/EI/1.5/1.png>]
<bo-images/pngs/EI/1.5/2.png, id=572, 631.5595pt x 281.05pt>
File: bo-images/pngs/EI/1.5/2.png Graphic file (type png)
<use bo-images/pngs/EI/1.5/2.png>
Package pdftex.def Info: bo-images/pngs/EI/1.5/2.png  used on input line 295.
(pdftex.def)             Requested size: 307.28987pt x 136.7508pt.

Overfull \vbox (32.31943pt too high) detected at line 295
 []

[80

 <./bo-images/pngs/EI/1.5/2.png>]
<bo-images/pngs/EI/1.5/3.png, id=579, 631.5595pt x 281.05pt>
File: bo-images/pngs/EI/1.5/3.png Graphic file (type png)
<use bo-images/pngs/EI/1.5/3.png>
Package pdftex.def Info: bo-images/pngs/EI/1.5/3.png  used on input line 295.
(pdftex.def)             Requested size: 307.28987pt x 136.7508pt.

Overfull \vbox (32.31943pt too high) detected at line 295
 []

[81

 <./bo-images/pngs/EI/1.5/3.png>]
<bo-images/pngs/EI/1.5/4.png, id=586, 631.5595pt x 281.05pt>
File: bo-images/pngs/EI/1.5/4.png Graphic file (type png)
<use bo-images/pngs/EI/1.5/4.png>
Package pdftex.def Info: bo-images/pngs/EI/1.5/4.png  used on input line 295.
(pdftex.def)             Requested size: 307.28987pt x 136.7508pt.

Overfull \vbox (32.31943pt too high) detected at line 295
 []

[82

 <./bo-images/pngs/EI/1.5/4.png>]
<bo-images/pngs/EI/1.5/5.png, id=593, 631.5595pt x 281.05pt>
File: bo-images/pngs/EI/1.5/5.png Graphic file (type png)
<use bo-images/pngs/EI/1.5/5.png>
Package pdftex.def Info: bo-images/pngs/EI/1.5/5.png  used on input line 295.
(pdftex.def)             Requested size: 307.28987pt x 136.7508pt.

Overfull \vbox (32.31943pt too high) detected at line 295
 []

[83

 <./bo-images/pngs/EI/1.5/5.png>]
<bo-images/pngs/EI/1.5/6.png, id=600, 631.5595pt x 281.05pt>
File: bo-images/pngs/EI/1.5/6.png Graphic file (type png)
<use bo-images/pngs/EI/1.5/6.png>
Package pdftex.def Info: bo-images/pngs/EI/1.5/6.png  used on input line 295.
(pdftex.def)             Requested size: 307.28987pt x 136.7508pt.

Overfull \vbox (32.31943pt too high) detected at line 295
 []

[84

 <./bo-images/pngs/EI/1.5/6.png>]
<bo-images/pngs/EI/1.5/7.png, id=607, 631.5595pt x 281.05pt>
File: bo-images/pngs/EI/1.5/7.png Graphic file (type png)
<use bo-images/pngs/EI/1.5/7.png>
Package pdftex.def Info: bo-images/pngs/EI/1.5/7.png  used on input line 295.
(pdftex.def)             Requested size: 307.28987pt x 136.7508pt.

Overfull \vbox (32.31943pt too high) detected at line 295
 []

[85

 <./bo-images/pngs/EI/1.5/7.png>]
<bo-images/pngs/EI/1.5/8.png, id=615, 631.5595pt x 281.05pt>
File: bo-images/pngs/EI/1.5/8.png Graphic file (type png)
<use bo-images/pngs/EI/1.5/8.png>
Package pdftex.def Info: bo-images/pngs/EI/1.5/8.png  used on input line 295.
(pdftex.def)             Requested size: 307.28987pt x 136.7508pt.

Overfull \vbox (32.31943pt too high) detected at line 295
 []

[86

 <./bo-images/pngs/EI/1.5/8.png>]
<bo-images/pngs/EI/1.5/9.png, id=622, 631.5595pt x 281.05pt>
File: bo-images/pngs/EI/1.5/9.png Graphic file (type png)
<use bo-images/pngs/EI/1.5/9.png>
Package pdftex.def Info: bo-images/pngs/EI/1.5/9.png  used on input line 295.
(pdftex.def)             Requested size: 307.28987pt x 136.7508pt.

Overfull \vbox (32.31943pt too high) detected at line 295
 []

[87

 <./bo-images/pngs/EI/1.5/9.png>]
<bo-images/pngs/EI/3/0.png, id=629, 631.5595pt x 281.05pt>
File: bo-images/pngs/EI/3/0.png Graphic file (type png)
<use bo-images/pngs/EI/3/0.png>
Package pdftex.def Info: bo-images/pngs/EI/3/0.png  used on input line 306.
(pdftex.def)             Requested size: 307.28987pt x 136.7508pt.

Overfull \vbox (16.6795pt too high) detected at line 306
 []

[88

 <./bo-images/pngs/EI/3/0.png>]
<bo-images/pngs/EI/3/1.png, id=636, 631.5595pt x 281.05pt>
File: bo-images/pngs/EI/3/1.png Graphic file (type png)
<use bo-images/pngs/EI/3/1.png>
Package pdftex.def Info: bo-images/pngs/EI/3/1.png  used on input line 306.
(pdftex.def)             Requested size: 307.28987pt x 136.7508pt.

Overfull \vbox (16.6795pt too high) detected at line 306
 []

[89

 <./bo-images/pngs/EI/3/1.png>]
<bo-images/pngs/EI/3/2.png, id=643, 631.5595pt x 281.05pt>
File: bo-images/pngs/EI/3/2.png Graphic file (type png)
<use bo-images/pngs/EI/3/2.png>
Package pdftex.def Info: bo-images/pngs/EI/3/2.png  used on input line 306.
(pdftex.def)             Requested size: 307.28987pt x 136.7508pt.

Overfull \vbox (16.6795pt too high) detected at line 306
 []

[90

 <./bo-images/pngs/EI/3/2.png>]
<bo-images/pngs/EI/3/3.png, id=650, 631.5595pt x 281.05pt>
File: bo-images/pngs/EI/3/3.png Graphic file (type png)
<use bo-images/pngs/EI/3/3.png>
Package pdftex.def Info: bo-images/pngs/EI/3/3.png  used on input line 306.
(pdftex.def)             Requested size: 307.28987pt x 136.7508pt.

Overfull \vbox (16.6795pt too high) detected at line 306
 []

[91

 <./bo-images/pngs/EI/3/3.png>]
<bo-images/pngs/EI/3/4.png, id=658, 631.5595pt x 281.05pt>
File: bo-images/pngs/EI/3/4.png Graphic file (type png)
<use bo-images/pngs/EI/3/4.png>
Package pdftex.def Info: bo-images/pngs/EI/3/4.png  used on input line 306.
(pdftex.def)             Requested size: 307.28987pt x 136.7508pt.

Overfull \vbox (16.6795pt too high) detected at line 306
 []

[92

 <./bo-images/pngs/EI/3/4.png>]
<bo-images/pngs/EI/3/5.png, id=665, 631.5595pt x 281.05pt>
File: bo-images/pngs/EI/3/5.png Graphic file (type png)
<use bo-images/pngs/EI/3/5.png>
Package pdftex.def Info: bo-images/pngs/EI/3/5.png  used on input line 306.
(pdftex.def)             Requested size: 307.28987pt x 136.7508pt.

Overfull \vbox (16.6795pt too high) detected at line 306
 []

[93

 <./bo-images/pngs/EI/3/5.png>]
<bo-images/pngs/EI/3/6.png, id=672, 631.5595pt x 281.05pt>
File: bo-images/pngs/EI/3/6.png Graphic file (type png)
<use bo-images/pngs/EI/3/6.png>
Package pdftex.def Info: bo-images/pngs/EI/3/6.png  used on input line 306.
(pdftex.def)             Requested size: 307.28987pt x 136.7508pt.

Overfull \vbox (16.6795pt too high) detected at line 306
 []

[94

 <./bo-images/pngs/EI/3/6.png>]
<bo-images/pngs/EI/3/7.png, id=680, 631.5595pt x 281.05pt>
File: bo-images/pngs/EI/3/7.png Graphic file (type png)
<use bo-images/pngs/EI/3/7.png>
Package pdftex.def Info: bo-images/pngs/EI/3/7.png  used on input line 306.
(pdftex.def)             Requested size: 307.28987pt x 136.7508pt.

Overfull \vbox (16.6795pt too high) detected at line 306
 []

[95

 <./bo-images/pngs/EI/3/7.png>]
<bo-images/pngs/EI/3/8.png, id=687, 631.5595pt x 281.05pt>
File: bo-images/pngs/EI/3/8.png Graphic file (type png)
<use bo-images/pngs/EI/3/8.png>
Package pdftex.def Info: bo-images/pngs/EI/3/8.png  used on input line 306.
(pdftex.def)             Requested size: 307.28987pt x 136.7508pt.

Overfull \vbox (16.6795pt too high) detected at line 306
 []

[96

 <./bo-images/pngs/EI/3/8.png>]
<bo-images/pngs/EI/3/9.png, id=694, 631.5595pt x 281.05pt>
File: bo-images/pngs/EI/3/9.png Graphic file (type png)
<use bo-images/pngs/EI/3/9.png>
Package pdftex.def Info: bo-images/pngs/EI/3/9.png  used on input line 306.
(pdftex.def)             Requested size: 307.28987pt x 136.7508pt.

Overfull \vbox (16.6795pt too high) detected at line 306
 []

[97

 <./bo-images/pngs/EI/3/9.png>] [98

]
<bo-images/gifs/moons.png, id=707, 418.363pt x 274.626pt>
File: bo-images/gifs/moons.png Graphic file (type png)
<use bo-images/gifs/moons.png>
Package pdftex.def Info: bo-images/gifs/moons.png  used on input line 322.
(pdftex.def)             Requested size: 215.10196pt x 141.1972pt.
 [99

 <./bo-images/gifs/moons.png>]
[100

] [101

]
<bo-images/pngs/PI3d/0.05/0.png, id=726, 1025.0295pt x 465.74pt>
File: bo-images/pngs/PI3d/0.05/0.png Graphic file (type png)
<use bo-images/pngs/PI3d/0.05/0.png>
Package pdftex.def Info: bo-images/pngs/PI3d/0.05/0.png  used on input line 348
.
(pdftex.def)             Requested size: 307.28987pt x 139.62358pt.
 [102

 <./bo-images/pngs/PI3d/0.05/0.png>]
<bo-images/pngs/PI3d/0.05/1.png, id=733, 1016.9995pt x 465.74pt>
File: bo-images/pngs/PI3d/0.05/1.png Graphic file (type png)
<use bo-images/pngs/PI3d/0.05/1.png>
Package pdftex.def Info: bo-images/pngs/PI3d/0.05/1.png  used on input line 348
.
(pdftex.def)             Requested size: 307.28987pt x 140.7251pt.
 [103

 <./bo-images/pngs/PI3d/0.05/1.png>]
<bo-images/pngs/PI3d/0.05/2.png, id=741, 1025.0295pt x 465.74pt>
File: bo-images/pngs/PI3d/0.05/2.png Graphic file (type png)
<use bo-images/pngs/PI3d/0.05/2.png>
Package pdftex.def Info: bo-images/pngs/PI3d/0.05/2.png  used on input line 348
.
(pdftex.def)             Requested size: 307.28987pt x 139.62358pt.
 [104

 <./bo-images/pngs/PI3d/0.05/2.png>]
<bo-images/pngs/PI3d/0.05/3.png, id=748, 1033.0595pt x 465.74pt>
File: bo-images/pngs/PI3d/0.05/3.png Graphic file (type png)
<use bo-images/pngs/PI3d/0.05/3.png>
Package pdftex.def Info: bo-images/pngs/PI3d/0.05/3.png  used on input line 348
.
(pdftex.def)             Requested size: 307.28987pt x 138.53627pt.
 [105

 <./bo-images/pngs/PI3d/0.05/3.png>]
<bo-images/pngs/PI3d/0.05/4.png, id=755, 1025.0295pt x 465.74pt>
File: bo-images/pngs/PI3d/0.05/4.png Graphic file (type png)
<use bo-images/pngs/PI3d/0.05/4.png>
Package pdftex.def Info: bo-images/pngs/PI3d/0.05/4.png  used on input line 348
.
(pdftex.def)             Requested size: 307.28987pt x 139.62358pt.
 [106

 <./bo-images/pngs/PI3d/0.05/4.png>]
<bo-images/pngs/PI3d/0.05/5.png, id=762, 1025.0295pt x 465.74pt>
File: bo-images/pngs/PI3d/0.05/5.png Graphic file (type png)
<use bo-images/pngs/PI3d/0.05/5.png>
Package pdftex.def Info: bo-images/pngs/PI3d/0.05/5.png  used on input line 348
.
(pdftex.def)             Requested size: 307.28987pt x 139.62358pt.
 [107

 <./bo-images/pngs/PI3d/0.05/5.png>]
<bo-images/pngs/PI3d/0.05/6.png, id=769, 1041.0895pt x 465.74pt>
File: bo-images/pngs/PI3d/0.05/6.png Graphic file (type png)
<use bo-images/pngs/PI3d/0.05/6.png>
Package pdftex.def Info: bo-images/pngs/PI3d/0.05/6.png  used on input line 348
.
(pdftex.def)             Requested size: 307.28987pt x 137.47028pt.
 [108

 <./bo-images/pngs/PI3d/0.05/6.png>]
<bo-images/pngs/PI3d/0.05/7.png, id=776, 1041.0895pt x 465.74pt>
File: bo-images/pngs/PI3d/0.05/7.png Graphic file (type png)
<use bo-images/pngs/PI3d/0.05/7.png>
Package pdftex.def Info: bo-images/pngs/PI3d/0.05/7.png  used on input line 348
.
(pdftex.def)             Requested size: 307.28987pt x 137.47028pt.
 [109

 <./bo-images/pngs/PI3d/0.05/7.png>]
<bo-images/pngs/PI3d/0.05/8.png, id=784, 1041.0895pt x 465.74pt>
File: bo-images/pngs/PI3d/0.05/8.png Graphic file (type png)
<use bo-images/pngs/PI3d/0.05/8.png>
Package pdftex.def Info: bo-images/pngs/PI3d/0.05/8.png  used on input line 348
.
(pdftex.def)             Requested size: 307.28987pt x 137.47028pt.
 [110

 <./bo-images/pngs/PI3d/0.05/8.png>]
<bo-images/pngs/PI3d/0.05/9.png, id=791, 1041.0895pt x 465.74pt>
File: bo-images/pngs/PI3d/0.05/9.png Graphic file (type png)
<use bo-images/pngs/PI3d/0.05/9.png>
Package pdftex.def Info: bo-images/pngs/PI3d/0.05/9.png  used on input line 348
.
(pdftex.def)             Requested size: 307.28987pt x 137.47028pt.
 [111

 <./bo-images/pngs/PI3d/0.05/9.png>]
<bo-images/pngs/EI3d/0.0001/0.png, id=798, 1033.0595pt x 465.74pt>
File: bo-images/pngs/EI3d/0.0001/0.png Graphic file (type png)
<use bo-images/pngs/EI3d/0.0001/0.png>
Package pdftex.def Info: bo-images/pngs/EI3d/0.0001/0.png  used on input line 3
58.
(pdftex.def)             Requested size: 307.28987pt x 138.53627pt.
 [112

 <./bo-images/pngs/EI3d/0.0001/0.png>]
<bo-images/pngs/EI3d/0.0001/1.png, id=805, 1033.0595pt x 465.74pt>
File: bo-images/pngs/EI3d/0.0001/1.png Graphic file (type png)
<use bo-images/pngs/EI3d/0.0001/1.png>
Package pdftex.def Info: bo-images/pngs/EI3d/0.0001/1.png  used on input line 3
58.
(pdftex.def)             Requested size: 307.28987pt x 138.53627pt.
 [113

 <./bo-images/pngs/EI3d/0.0001/1.png>]
<bo-images/pngs/EI3d/0.0001/2.png, id=812, 1025.0295pt x 465.74pt>
File: bo-images/pngs/EI3d/0.0001/2.png Graphic file (type png)
<use bo-images/pngs/EI3d/0.0001/2.png>
Package pdftex.def Info: bo-images/pngs/EI3d/0.0001/2.png  used on input line 3
58.
(pdftex.def)             Requested size: 307.28987pt x 139.62358pt.
 [114

 <./bo-images/pngs/EI3d/0.0001/2.png>]
<bo-images/pngs/EI3d/0.0001/3.png, id=819, 1041.0895pt x 465.74pt>
File: bo-images/pngs/EI3d/0.0001/3.png Graphic file (type png)
<use bo-images/pngs/EI3d/0.0001/3.png>
Package pdftex.def Info: bo-images/pngs/EI3d/0.0001/3.png  used on input line 3
58.
(pdftex.def)             Requested size: 307.28987pt x 137.47028pt.

[115

 <./bo-images/pngs/EI3d/0.0001/3.png>]
<bo-images/pngs/EI3d/0.0001/4.png, id=827, 1041.0895pt x 465.74pt>
File: bo-images/pngs/EI3d/0.0001/4.png Graphic file (type png)
<use bo-images/pngs/EI3d/0.0001/4.png>
Package pdftex.def Info: bo-images/pngs/EI3d/0.0001/4.png  used on input line 3
58.
(pdftex.def)             Requested size: 307.28987pt x 137.47028pt.
 [116

 <./bo-images/pngs/EI3d/0.0001/4.png>]
<bo-images/pngs/EI3d/0.0001/5.png, id=834, 1041.0895pt x 465.74pt>
File: bo-images/pngs/EI3d/0.0001/5.png Graphic file (type png)
<use bo-images/pngs/EI3d/0.0001/5.png>
Package pdftex.def Info: bo-images/pngs/EI3d/0.0001/5.png  used on input line 3
58.
(pdftex.def)             Requested size: 307.28987pt x 137.47028pt.
 [117

 <./bo-images/pngs/EI3d/0.0001/5.png>]
<bo-images/pngs/EI3d/0.0001/6.png, id=841, 1041.0895pt x 465.74pt>
File: bo-images/pngs/EI3d/0.0001/6.png Graphic file (type png)
<use bo-images/pngs/EI3d/0.0001/6.png>
Package pdftex.def Info: bo-images/pngs/EI3d/0.0001/6.png  used on input line 3
58.
(pdftex.def)             Requested size: 307.28987pt x 137.47028pt.
 [118

 <./bo-images/pngs/EI3d/0.0001/6.png>]
<bo-images/pngs/EI3d/0.0001/7.png, id=848, 1048.718pt x 465.74pt>
File: bo-images/pngs/EI3d/0.0001/7.png Graphic file (type png)
<use bo-images/pngs/EI3d/0.0001/7.png>
Package pdftex.def Info: bo-images/pngs/EI3d/0.0001/7.png  used on input line 3
58.
(pdftex.def)             Requested size: 307.28987pt x 136.46825pt.
 [119

 <./bo-images/pngs/EI3d/0.0001/7.png>]
<bo-images/pngs/EI3d/0.0001/8.png, id=856, 1041.0895pt x 465.74pt>
File: bo-images/pngs/EI3d/0.0001/8.png Graphic file (type png)
<use bo-images/pngs/EI3d/0.0001/8.png>
Package pdftex.def Info: bo-images/pngs/EI3d/0.0001/8.png  used on input line 3
58.
(pdftex.def)             Requested size: 307.28987pt x 137.47028pt.
 [120

 <./bo-images/pngs/EI3d/0.0001/8.png>]
<bo-images/pngs/EI3d/0.0001/9.png, id=863, 1041.0895pt x 465.74pt>
File: bo-images/pngs/EI3d/0.0001/9.png Graphic file (type png)
<use bo-images/pngs/EI3d/0.0001/9.png>
Package pdftex.def Info: bo-images/pngs/EI3d/0.0001/9.png  used on input line 3
58.
(pdftex.def)             Requested size: 307.28987pt x 137.47028pt.
 [121

 <./bo-images/pngs/EI3d/0.0001/9.png>] [122

]
\tf@nav=\write8
\openout8 = `bo.nav'.

\tf@toc=\write9
\openout9 = `bo.toc'.

\tf@snm=\write10
\openout10 = `bo.snm'.

Package atveryend Info: Empty hook `BeforeClearDocument' on input line 550.
Package atveryend Info: Empty hook `AfterLastShipout' on input line 550.
 (./bo.aux)
Package atveryend Info: Executing hook `AtVeryEndDocument' on input line 550.
Package atveryend Info: Executing hook `AtEndAfterFileList' on input line 550.
Package rerunfilecheck Info: File `bo.out' has not changed.
(rerunfilecheck)             Checksum: 12FC0F6C553ADF22D87CF10F8E583A5A;212.
 ) 
Here is how much of TeX's memory you used:
 24444 strings out of 480471
 499129 string characters out of 5903300
 711673 words of memory out of 5000000
 39638 multiletter control sequences out of 15000+600000
 546037 words of font info for 73 fonts, out of 8000000 for 9000
 1141 hyphenation exceptions out of 8191
 64i,13n,92p,1834b,732s stack positions out of 5000i,500n,10000p,200000b,80000s
{c:/texlive/2020/texmf-dist/fonts/enc/dvips/cm-super/cm-super-ts1.enc}<c:/tex
live/2020/texmf-dist/fonts/type1/public/amsfonts/cm/cmex10.pfb><c:/texlive/2020
/texmf-dist/fonts/type1/public/amsfonts/cm/cmmi10.pfb><c:/texlive/2020/texmf-di
st/fonts/type1/public/amsfonts/cm/cmmi12.pfb><c:/texlive/2020/texmf-dist/fonts/
type1/public/amsfonts/cm/cmmi8.pfb><c:/texlive/2020/texmf-dist/fonts/type1/publ
ic/amsfonts/cm/cmss10.pfb><c:/texlive/2020/texmf-dist/fonts/type1/public/amsfon
ts/cm/cmss12.pfb><c:/texlive/2020/texmf-dist/fonts/type1/public/amsfonts/cm/cms
s8.pfb><c:/texlive/2020/texmf-dist/fonts/type1/public/amsfonts/cm/cmss9.pfb><c:
/texlive/2020/texmf-dist/fonts/type1/public/amsfonts/cm/cmssbx10.pfb><c:/texliv
e/2020/texmf-dist/fonts/type1/public/amsfonts/cm/cmssi10.pfb><c:/texlive/2020/t
exmf-dist/fonts/type1/public/amsfonts/cm/cmssi8.pfb><c:/texlive/2020/texmf-dist
/fonts/type1/public/amsfonts/cm/cmsy10.pfb><c:/texlive/2020/texmf-dist/fonts/ty
pe1/public/amsfonts/cm/cmsy8.pfb><c:/texlive/2020/texmf-dist/fonts/type1/public
/amsfonts/cm/cmtt9.pfb><c:/texlive/2020/texmf-dist/fonts/type1/public/amsfonts/
symbols/msbm10.pfb><c:/texlive/2020/texmf-dist/fonts/type1/public/cm-super/sfss
1095.pfb>
Output written on bo.pdf (122 pages, 8588369 bytes).
PDF statistics:
 987 PDF objects out of 1000 (max. 8388607)
 653 compressed objects within 7 object streams
 249 named destinations out of 1000 (max. 500000)
 560 words of extra memory for PDF output out of 10000 (max. 10000000)

